{"meta": {"format": 3, "version": "7.13.5", "timestamp": "2026-06-18T08:26:41.569211", "branch_coverage": false, "show_contexts": false}, "files": {"src/greenkube/__init__.py": {"executed_lines": [1], "summary": {"covered_lines": 1, "num_statements": 1, "percent_covered": 100.0, "percent_covered_display": "100", "missing_lines": 0, "excluded_lines": 0, "percent_statements_covered": 100.0, "percent_statements_covered_display": "100"}, "missing_lines": [], "excluded_lines": [], "functions": {"": {"executed_lines": [1], "summary": {"covered_lines": 1, "num_statements": 1, "percent_covered": 100.0, "percent_covered_display": "100", "missing_lines": 0, "excluded_lines": 0, "percent_statements_covered": 100.0, "percent_statements_covered_display": "100"}, "missing_lines": [], "excluded_lines": [], "start_line": 1}}, "classes": {"": {"executed_lines": [1], "summary": {"covered_lines": 1, "num_statements": 1, "percent_covered": 100.0, "percent_covered_display": "100", "missing_lines": 0, "excluded_lines": 0, "percent_statements_covered": 100.0, "percent_statements_covered_display": "100"}, "missing_lines": [], "excluded_lines": [], "start_line": 1}}}, "src/greenkube/api/__init__.py": {"executed_lines": [], "summary": {"covered_lines": 0, "num_statements": 0, "percent_covered": 100.0, "percent_covered_display": "100", "missing_lines": 0, "excluded_lines": 0, "percent_statements_covered": 100.0, "percent_statements_covered_display": "100"}, "missing_lines": [], "excluded_lines": [], "functions": {"": {"executed_lines": [], "summary": {"covered_lines": 0, "num_statements": 0, "percent_covered": 100.0, "percent_covered_display": "100", "missing_lines": 0, "excluded_lines": 0, "percent_statements_covered": 100.0, "percent_statements_covered_display": "100"}, "missing_lines": [], "excluded_lines": [], "start_line": 1}}, "classes": {"": {"executed_lines": [], "summary": {"covered_lines": 0, "num_statements": 0, "percent_covered": 100.0, "percent_covered_display": "100", "missing_lines": 0, "excluded_lines": 0, "percent_statements_covered": 100.0, "percent_statements_covered_display": "100"}, "missing_lines": [], "excluded_lines": [], "start_line": 1}}}, "src/greenkube/api/app.py": {"executed_lines": [11, 12, 13, 14, 16, 17, 18, 19, 20, 21, 22, 23, 24, 26, 27, 33, 34, 35, 36, 37, 38, 39, 40, 42, 44, 47, 54, 55, 56, 57, 58, 59, 60, 61, 66, 77, 80, 81, 118, 128, 140, 141, 142, 143, 145, 146, 155, 156, 157, 166, 169, 170, 171, 172, 173, 174, 175, 176, 180, 181, 189, 196, 202, 204, 207, 214, 215, 216, 243], "summary": {"covered_lines": 69, "num_statements": 113, "percent_covered": 61.06194690265487, "percent_covered_display": "61", "missing_lines": 44, "excluded_lines": 0, "percent_statements_covered": 61.06194690265487, "percent_statements_covered_display": "61"}, "missing_lines": [83, 84, 86, 87, 90, 91, 92, 94, 95, 97, 98, 99, 100, 102, 103, 104, 106, 107, 109, 110, 112, 113, 114, 115, 147, 218, 219, 220, 221, 223, 226, 227, 228, 231, 234, 235, 237, 238, 239, 240, 245, 246, 250, 251], "excluded_lines": [], "functions": {"SecurityHeadersMiddleware.dispatch": {"executed_lines": [55, 56, 57, 58, 59, 60, 61, 66, 77], "summary": {"covered_lines": 9, "num_statements": 9, "percent_covered": 100.0, "percent_covered_display": "100", "missing_lines": 0, "excluded_lines": 0, "percent_statements_covered": 100.0, "percent_statements_covered_display": "100"}, "missing_lines": [], "excluded_lines": [], "start_line": 54}, "lifespan": {"executed_lines": [], "summary": {"covered_lines": 0, "num_statements": 24, "percent_covered": 0.0, "percent_covered_display": "0", "missing_lines": 24, "excluded_lines": 0, "percent_statements_covered": 0.0, "percent_statements_covered_display": "0"}, "missing_lines": [83, 84, 86, 87, 90, 91, 92, 94, 95, 97, 98, 99, 100, 102, 103, 104, 106, 107, 109, 110, 112, 113, 114, 115], "excluded_lines": [], "start_line": 81}, "create_app": {"executed_lines": [128, 140, 141, 142, 143, 145, 146, 155, 156, 157, 166, 169, 170, 171, 172, 173, 174, 175, 176, 180, 181, 202, 204], "summary": {"covered_lines": 23, "num_statements": 23, "percent_covered": 100.0, "percent_covered_display": "100", "missing_lines": 0, "excluded_lines": 0, "percent_statements_covered": 100.0, "percent_statements_covered_display": "100"}, "missing_lines": [], "excluded_lines": [], "start_line": 118}, "create_app._rate_limit_handler": {"executed_lines": [], "summary": {"covered_lines": 0, "num_statements": 1, "percent_covered": 0.0, "percent_covered_display": "0", "missing_lines": 1, "excluded_lines": 0, "percent_statements_covered": 0.0, "percent_statements_covered_display": "0"}, "missing_lines": [147], "excluded_lines": [], "start_line": 146}, "create_app.prometheus_metrics": {"executed_lines": [189, 196], "summary": {"covered_lines": 2, "num_statements": 2, "percent_covered": 100.0, "percent_covered_display": "100", "missing_lines": 0, "excluded_lines": 0, "percent_statements_covered": 100.0, "percent_statements_covered_display": "100"}, "missing_lines": [], "excluded_lines": [], "start_line": 181}, "_mount_frontend": {"executed_lines": [214, 215, 216], "summary": {"covered_lines": 3, "num_statements": 14, "percent_covered": 21.428571428571427, "percent_covered_display": "21", "missing_lines": 11, "excluded_lines": 0, "percent_statements_covered": 21.428571428571427, "percent_statements_covered_display": "21"}, "missing_lines": [218, 219, 220, 221, 223, 226, 227, 228, 231, 234, 235], "excluded_lines": [], "start_line": 207}, "_mount_frontend.serve_spa": {"executed_lines": [], "summary": {"covered_lines": 0, "num_statements": 4, "percent_covered": 0.0, "percent_covered_display": "0", "missing_lines": 4, "excluded_lines": 0, "percent_statements_covered": 0.0, "percent_statements_covered_display": "0"}, "missing_lines": [237, 238, 239, 240], "excluded_lines": [], "start_line": 235}, "main": {"executed_lines": [], "summary": {"covered_lines": 0, "num_statements": 4, "percent_covered": 0.0, "percent_covered_display": "0", "missing_lines": 4, "excluded_lines": 0, "percent_statements_covered": 0.0, "percent_statements_covered_display": "0"}, "missing_lines": [245, 246, 250, 251], "excluded_lines": [], "start_line": 243}, "": {"executed_lines": [11, 12, 13, 14, 16, 17, 18, 19, 20, 21, 22, 23, 24, 26, 27, 33, 34, 35, 36, 37, 38, 39, 40, 42, 44, 47, 54, 80, 81, 118, 207, 243], "summary": {"covered_lines": 32, "num_statements": 32, "percent_covered": 100.0, "percent_covered_display": "100", "missing_lines": 0, "excluded_lines": 0, "percent_statements_covered": 100.0, "percent_statements_covered_display": "100"}, "missing_lines": [], "excluded_lines": [], "start_line": 1}}, "classes": {"SecurityHeadersMiddleware": {"executed_lines": [55, 56, 57, 58, 59, 60, 61, 66, 77], "summary": {"covered_lines": 9, "num_statements": 9, "percent_covered": 100.0, "percent_covered_display": "100", "missing_lines": 0, "excluded_lines": 0, "percent_statements_covered": 100.0, "percent_statements_covered_display": "100"}, "missing_lines": [], "excluded_lines": [], "start_line": 47}, "": {"executed_lines": [11, 12, 13, 14, 16, 17, 18, 19, 20, 21, 22, 23, 24, 26, 27, 33, 34, 35, 36, 37, 38, 39, 40, 42, 44, 47, 54, 80, 81, 118, 128, 140, 141, 142, 143, 145, 146, 155, 156, 157, 166, 169, 170, 171, 172, 173, 174, 175, 176, 180, 181, 189, 196, 202, 204, 207, 214, 215, 216, 243], "summary": {"covered_lines": 60, "num_statements": 104, "percent_covered": 57.69230769230769, "percent_covered_display": "58", "missing_lines": 44, "excluded_lines": 0, "percent_statements_covered": 57.69230769230769, "percent_statements_covered_display": "58"}, "missing_lines": [83, 84, 86, 87, 90, 91, 92, 94, 95, 97, 98, 99, 100, 102, 103, 104, 106, 107, 109, 110, 112, 113, 114, 115, 147, 218, 219, 220, 221, 223, 226, 227, 228, 231, 234, 235, 237, 238, 239, 240, 245, 246, 250, 251], "excluded_lines": [], "start_line": 1}}}, "src/greenkube/api/dependencies.py": {"executed_lines": [10, 11, 12, 14, 16, 24, 26, 29, 32, 38, 40, 41, 42, 45, 46, 47, 48, 50, 51, 54, 55, 58, 65, 66, 73, 76, 83, 90, 97, 104, 111, 118, 120, 122], "summary": {"covered_lines": 34, "num_statements": 47, "percent_covered": 72.34042553191489, "percent_covered_display": "72", "missing_lines": 13, "excluded_lines": 0, "percent_statements_covered": 72.34042553191489, "percent_statements_covered_display": "72"}, "missing_lines": [52, 78, 80, 85, 87, 92, 94, 99, 101, 106, 108, 113, 115], "excluded_lines": [], "functions": {"verify_api_key": {"executed_lines": [38, 40, 41, 42, 45, 46, 47, 48, 50, 51, 54, 55], "summary": {"covered_lines": 12, "num_statements": 13, "percent_covered": 92.3076923076923, "percent_covered_display": "92", "missing_lines": 1, "excluded_lines": 0, "percent_statements_covered": 92.3076923076923, "percent_statements_covered_display": "92"}, "missing_lines": [52], "excluded_lines": [], "start_line": 32}, "validate_namespace": {"executed_lines": [65, 66, 73], "summary": {"covered_lines": 3, "num_statements": 3, "percent_covered": 100.0, "percent_covered_display": "100", "missing_lines": 0, "excluded_lines": 0, "percent_statements_covered": 100.0, "percent_statements_covered_display": "100"}, "missing_lines": [], "excluded_lines": [], "start_line": 58}, "get_carbon_repository": {"executed_lines": [], "summary": {"covered_lines": 0, "num_statements": 2, "percent_covered": 0.0, "percent_covered_display": "0", "missing_lines": 2, "excluded_lines": 0, "percent_statements_covered": 0.0, "percent_statements_covered_display": "0"}, "missing_lines": [78, 80], "excluded_lines": [], "start_line": 76}, "get_combined_metrics_repository": {"executed_lines": [], "summary": {"covered_lines": 0, "num_statements": 2, "percent_covered": 0.0, "percent_covered_display": "0", "missing_lines": 2, "excluded_lines": 0, "percent_statements_covered": 0.0, "percent_statements_covered_display": "0"}, "missing_lines": [85, 87], "excluded_lines": [], "start_line": 83}, "get_node_repository": {"executed_lines": [], "summary": {"covered_lines": 0, "num_statements": 2, "percent_covered": 0.0, "percent_covered_display": "0", "missing_lines": 2, "excluded_lines": 0, "percent_statements_covered": 0.0, "percent_statements_covered_display": "0"}, "missing_lines": [92, 94], "excluded_lines": [], "start_line": 90}, "get_recommendation_repository": {"executed_lines": [], "summary": {"covered_lines": 0, "num_statements": 2, "percent_covered": 0.0, "percent_covered_display": "0", "missing_lines": 2, "excluded_lines": 0, "percent_statements_covered": 0.0, "percent_statements_covered_display": "0"}, "missing_lines": [99, 101], "excluded_lines": [], "start_line": 97}, "get_savings_ledger_repository": {"executed_lines": [], "summary": {"covered_lines": 0, "num_statements": 2, "percent_covered": 0.0, "percent_covered_display": "0", "missing_lines": 2, "excluded_lines": 0, "percent_statements_covered": 0.0, "percent_statements_covered_display": "0"}, "missing_lines": [106, 108], "excluded_lines": [], "start_line": 104}, "get_summary_repository": {"executed_lines": [], "summary": {"covered_lines": 0, "num_statements": 2, "percent_covered": 0.0, "percent_covered_display": "0", "missing_lines": 2, "excluded_lines": 0, "percent_statements_covered": 0.0, "percent_statements_covered_display": "0"}, "missing_lines": [113, 115], "excluded_lines": [], "start_line": 111}, "get_timeseries_cache_repository": {"executed_lines": [120, 122], "summary": {"covered_lines": 2, "num_statements": 2, "percent_covered": 100.0, "percent_covered_display": "100", "missing_lines": 0, "excluded_lines": 0, "percent_statements_covered": 100.0, "percent_statements_covered_display": "100"}, "missing_lines": [], "excluded_lines": [], "start_line": 118}, "": {"executed_lines": [10, 11, 12, 14, 16, 24, 26, 29, 32, 58, 76, 83, 90, 97, 104, 111, 118], "summary": {"covered_lines": 17, "num_statements": 17, "percent_covered": 100.0, "percent_covered_display": "100", "missing_lines": 0, "excluded_lines": 0, "percent_statements_covered": 100.0, "percent_statements_covered_display": "100"}, "missing_lines": [], "excluded_lines": [], "start_line": 1}}, "classes": {"": {"executed_lines": [10, 11, 12, 14, 16, 24, 26, 29, 32, 38, 40, 41, 42, 45, 46, 47, 48, 50, 51, 54, 55, 58, 65, 66, 73, 76, 83, 90, 97, 104, 111, 118, 120, 122], "summary": {"covered_lines": 34, "num_statements": 47, "percent_covered": 72.34042553191489, "percent_covered_display": "72", "missing_lines": 13, "excluded_lines": 0, "percent_statements_covered": 72.34042553191489, "percent_statements_covered_display": "72"}, "missing_lines": [52, 78, 80, 85, 87, 92, 94, 99, 101, 106, 108, 113, 115], "excluded_lines": [], "start_line": 1}}}, "src/greenkube/api/metrics_endpoint.py": {"executed_lines": [13, 14, 15, 16, 17, 19, 21, 22, 23, 24, 25, 27, 31, 34, 36, 37, 38, 46, 48, 54, 60, 66, 72, 78, 84, 90, 96, 102, 108, 114, 120, 126, 136, 138, 144, 150, 156, 162, 172, 174, 180, 186, 192, 198, 204, 214, 215, 216, 217, 218, 219, 229, 235, 241, 247, 253, 259, 265, 275, 281, 287, 297, 304, 310, 316, 324, 334, 336, 342, 348, 354, 364, 370, 376, 382, 394, 400, 414, 421, 430, 436, 442, 452, 458, 468, 478, 484, 492, 493, 501, 503, 506, 508, 515, 518, 520, 521, 524, 526, 529, 531, 532, 543, 545, 546, 551, 553, 556, 558, 559, 561, 562, 563, 564, 565, 567, 568, 569, 570, 571, 572, 573, 576, 584, 585, 587, 588, 589, 590, 592, 593, 594, 595, 597, 598, 601, 606, 612, 615, 645, 647, 648, 649, 650, 651, 652, 653, 654, 655, 656, 657, 658, 659, 660, 663, 664, 665, 666, 667, 668, 671, 672, 675, 676, 677, 678, 679, 680, 682, 683, 684, 692, 693, 694, 695, 696, 697, 698, 699, 700, 701, 702, 703, 704, 705, 708, 709, 712, 713, 714, 715, 718, 719, 720, 723, 724, 725, 726, 727, 728, 729, 732, 733, 734, 736, 737, 738, 739, 740, 741, 742, 745, 746, 747, 748, 749, 750, 753, 754, 755, 756, 759, 760, 761, 762, 763, 764, 767, 768, 769, 772, 773, 774, 777, 778, 779, 783, 784, 787, 788, 789, 790, 791, 792, 793, 794, 795, 796, 797, 798, 810, 811, 812, 813, 814, 817, 818, 819, 820, 821, 823, 826, 832, 840, 842, 843, 851, 852, 853, 854, 855, 856, 859, 860, 861, 862, 864, 867, 875, 876, 877, 878, 879, 880, 882, 883, 885, 886, 887, 888, 889, 890, 891, 893, 894, 895, 896, 897, 898, 899, 900, 901, 903, 904, 911, 912, 914, 915, 917, 918, 920, 921, 923, 924, 926, 927, 928, 938, 939, 941, 944, 957, 958, 960, 961, 974, 983, 984, 985, 987, 989, 990, 991, 992, 994, 995, 997, 998, 1000, 1001, 1002, 1003, 1004, 1005, 1006, 1008, 1009, 1010, 1011, 1013, 1021, 1033, 1034, 1035, 1037, 1039, 1040, 1041, 1042, 1044, 1045, 1047, 1048, 1050, 1051, 1058, 1061, 1062, 1070, 1076, 1079, 1093, 1095, 1096, 1098, 1100, 1101, 1102, 1103, 1111, 1114, 1124, 1125, 1126, 1127, 1129, 1139, 1140, 1141, 1144, 1145, 1146, 1147, 1148, 1151, 1152, 1153, 1158, 1159, 1160, 1165, 1166, 1167, 1169, 1170, 1171, 1172, 1173, 1174, 1175, 1176, 1181, 1182, 1188, 1194, 1195, 1201, 1211, 1212, 1213, 1214, 1215, 1216, 1217, 1218], "summary": {"covered_lines": 425, "num_statements": 459, "percent_covered": 92.5925925925926, "percent_covered_display": "93", "missing_lines": 34, "excluded_lines": 0, "percent_statements_covered": 92.5925925925926, "percent_statements_covered_display": "93"}, "missing_lines": [39, 40, 547, 548, 963, 964, 967, 971, 1052, 1053, 1054, 1055, 1056, 1059, 1104, 1105, 1110, 1130, 1131, 1132, 1133, 1134, 1135, 1136, 1137, 1138, 1154, 1155, 1161, 1162, 1207, 1208, 1219, 1220], "excluded_lines": [], "functions": {"_get_cluster_name": {"executed_lines": [36, 37, 38], "summary": {"covered_lines": 3, "num_statements": 5, "percent_covered": 60.0, "percent_covered_display": "60", "missing_lines": 2, "excluded_lines": 0, "percent_statements_covered": 60.0, "percent_statements_covered_display": "60"}, "missing_lines": [39, 40], "excluded_lines": [], "start_line": 34}, "_clear_gauge": {"executed_lines": [503], "summary": {"covered_lines": 1, "num_statements": 1, "percent_covered": 100.0, "percent_covered_display": "100", "missing_lines": 0, "excluded_lines": 0, "percent_statements_covered": 100.0, "percent_statements_covered_display": "100"}, "missing_lines": [], "excluded_lines": [], "start_line": 501}, "clear_dashboard_summary_metrics": {"executed_lines": [508, 515], "summary": {"covered_lines": 2, "num_statements": 2, "percent_covered": 100.0, "percent_covered_display": "100", "missing_lines": 0, "excluded_lines": 0, "percent_statements_covered": 100.0, "percent_statements_covered_display": "100"}, "missing_lines": [], "excluded_lines": [], "start_line": 506}, "clear_dashboard_savings_metrics": {"executed_lines": [520, 521], "summary": {"covered_lines": 2, "num_statements": 2, "percent_covered": 100.0, "percent_covered_display": "100", "missing_lines": 0, "excluded_lines": 0, "percent_statements_covered": 100.0, "percent_statements_covered_display": "100"}, "missing_lines": [], "excluded_lines": [], "start_line": 518}, "_dashboard_window_labels": {"executed_lines": [526], "summary": {"covered_lines": 1, "num_statements": 1, "percent_covered": 100.0, "percent_covered_display": "100", "missing_lines": 0, "excluded_lines": 0, "percent_statements_covered": 100.0, "percent_statements_covered_display": "100"}, "missing_lines": [], "excluded_lines": [], "start_line": 524}, "_dashboard_window_ranges": {"executed_lines": [531, 532], "summary": {"covered_lines": 2, "num_statements": 2, "percent_covered": 100.0, "percent_covered_display": "100", "missing_lines": 0, "excluded_lines": 0, "percent_statements_covered": 100.0, "percent_statements_covered_display": "100"}, "missing_lines": [], "excluded_lines": [], "start_line": 529}, "_compact_node_names": {"executed_lines": [545, 546], "summary": {"covered_lines": 2, "num_statements": 4, "percent_covered": 50.0, "percent_covered_display": "50", "missing_lines": 2, "excluded_lines": 0, "percent_statements_covered": 50.0, "percent_statements_covered_display": "50"}, "missing_lines": [547, 548], "excluded_lines": [], "start_line": 543}, "_bubble_size_for_node_count": {"executed_lines": [553], "summary": {"covered_lines": 1, "num_statements": 1, "percent_covered": 100.0, "percent_covered_display": "100", "missing_lines": 0, "excluded_lines": 0, "percent_statements_covered": 100.0, "percent_statements_covered_display": "100"}, "missing_lines": [], "excluded_lines": [], "start_line": 551}, "update_dashboard_summary_metrics": {"executed_lines": [558, 559, 561, 562, 563, 564, 565, 567, 568, 569, 570, 571, 572, 573], "summary": {"covered_lines": 14, "num_statements": 14, "percent_covered": 100.0, "percent_covered_display": "100", "missing_lines": 0, "excluded_lines": 0, "percent_statements_covered": 100.0, "percent_statements_covered_display": "100"}, "missing_lines": [], "excluded_lines": [], "start_line": 556}, "update_dashboard_savings_metrics": {"executed_lines": [584, 585, 587, 588, 589, 590, 592, 593, 594, 595, 597, 598, 601], "summary": {"covered_lines": 13, "num_statements": 13, "percent_covered": 100.0, "percent_covered_display": "100", "missing_lines": 0, "excluded_lines": 0, "percent_statements_covered": 100.0, "percent_statements_covered_display": "100"}, "missing_lines": [], "excluded_lines": [], "start_line": 576}, "update_cluster_metrics": {"executed_lines": [612, 615, 645, 647, 648, 649, 650, 651, 652, 653, 654, 655, 656, 657, 658, 659, 660, 663, 664, 665, 666, 667, 668, 671, 672, 675, 676, 677, 678, 679, 680, 682, 683, 684, 692, 693, 694, 695, 696, 697, 698, 699, 700, 701, 702, 703, 704, 705, 708, 709, 712, 713, 714, 715, 718, 719, 720, 723, 724, 725, 726, 727, 728, 729, 732, 733, 734, 736, 737, 738, 739, 740, 741, 742, 745, 746, 747, 748, 749, 750, 753, 754, 755, 756, 759, 760, 761, 762, 763, 764, 767, 768, 769, 772, 773, 774, 777, 778, 779, 783, 784, 787, 788, 789, 790, 791, 792, 793, 794, 795, 796, 797, 798, 810, 811, 812, 813, 814, 817, 818, 819, 820, 821, 823], "summary": {"covered_lines": 124, "num_statements": 124, "percent_covered": 100.0, "percent_covered_display": "100", "missing_lines": 0, "excluded_lines": 0, "percent_statements_covered": 100.0, "percent_statements_covered_display": "100"}, "missing_lines": [], "excluded_lines": [], "start_line": 606}, "update_node_metrics": {"executed_lines": [832, 840, 842, 843, 851, 852, 853, 854, 855, 856, 859, 860, 861, 862, 864], "summary": {"covered_lines": 15, "num_statements": 15, "percent_covered": 100.0, "percent_covered_display": "100", "missing_lines": 0, "excluded_lines": 0, "percent_statements_covered": 100.0, "percent_statements_covered_display": "100"}, "missing_lines": [], "excluded_lines": [], "start_line": 826}, "update_recommendation_metrics": {"executed_lines": [875, 876, 877, 878, 879, 880, 882, 883, 885, 886, 887, 888, 889, 890, 891, 893, 894, 895, 896, 897, 898, 899, 900, 901, 903, 904, 911, 912, 914, 915, 917, 918, 920, 921, 923, 924, 926, 927, 928, 938, 939, 941], "summary": {"covered_lines": 42, "num_statements": 42, "percent_covered": 100.0, "percent_covered_display": "100", "missing_lines": 0, "excluded_lines": 0, "percent_statements_covered": 100.0, "percent_statements_covered_display": "100"}, "missing_lines": [], "excluded_lines": [], "start_line": 867}, "update_attributed_savings_metrics": {"executed_lines": [957, 958, 960, 961], "summary": {"covered_lines": 4, "num_statements": 8, "percent_covered": 50.0, "percent_covered_display": "50", "missing_lines": 4, "excluded_lines": 0, "percent_statements_covered": 50.0, "percent_statements_covered_display": "50"}, "missing_lines": [963, 964, 967, 971], "excluded_lines": [], "start_line": 944}, "update_realized_savings_metrics": {"executed_lines": [983, 984, 985, 987, 989, 990, 991, 992, 994, 995, 997, 998, 1000, 1001, 1002, 1003, 1004, 1005, 1006, 1008, 1009, 1010, 1011, 1013], "summary": {"covered_lines": 24, "num_statements": 24, "percent_covered": 100.0, "percent_covered_display": "100", "missing_lines": 0, "excluded_lines": 0, "percent_statements_covered": 100.0, "percent_statements_covered_display": "100"}, "missing_lines": [], "excluded_lines": [], "start_line": 974}, "update_realized_savings_from_stats": {"executed_lines": [1033, 1034, 1035, 1037, 1039, 1040, 1041, 1042, 1044, 1045, 1047, 1048, 1050, 1051, 1058, 1061, 1062], "summary": {"covered_lines": 17, "num_statements": 23, "percent_covered": 73.91304347826087, "percent_covered_display": "74", "missing_lines": 6, "excluded_lines": 0, "percent_statements_covered": 73.91304347826087, "percent_statements_covered_display": "74"}, "missing_lines": [1052, 1053, 1054, 1055, 1056, 1059], "excluded_lines": [], "start_line": 1021}, "get_metrics_output": {"executed_lines": [1076], "summary": {"covered_lines": 1, "num_statements": 1, "percent_covered": 100.0, "percent_covered_display": "100", "missing_lines": 0, "excluded_lines": 0, "percent_statements_covered": 100.0, "percent_statements_covered_display": "100"}, "missing_lines": [], "excluded_lines": [], "start_line": 1070}, "refresh_metrics_from_db": {"executed_lines": [1093, 1095, 1096, 1098, 1114, 1124, 1125, 1126, 1127, 1129, 1139, 1140, 1141, 1144, 1145, 1146, 1147, 1148, 1151, 1152, 1153, 1158, 1159, 1160, 1165, 1166, 1167, 1169, 1170, 1171, 1172, 1173, 1174, 1175, 1176, 1181, 1182, 1188, 1194, 1195, 1201, 1211, 1212, 1213, 1214, 1215, 1216, 1217, 1218], "summary": {"covered_lines": 49, "num_statements": 66, "percent_covered": 74.24242424242425, "percent_covered_display": "74", "missing_lines": 17, "excluded_lines": 0, "percent_statements_covered": 74.24242424242425, "percent_statements_covered_display": "74"}, "missing_lines": [1130, 1131, 1132, 1133, 1134, 1135, 1136, 1137, 1138, 1154, 1155, 1161, 1162, 1207, 1208, 1219, 1220], "excluded_lines": [], "start_line": 1079}, "refresh_metrics_from_db.get_dashboard_namespaces": {"executed_lines": [1100, 1101, 1102, 1103, 1111], "summary": {"covered_lines": 5, "num_statements": 8, "percent_covered": 62.5, "percent_covered_display": "62", "missing_lines": 3, "excluded_lines": 0, "percent_statements_covered": 62.5, "percent_statements_covered_display": "62"}, "missing_lines": [1104, 1105, 1110], "excluded_lines": [], "start_line": 1098}, "": {"executed_lines": [13, 14, 15, 16, 17, 19, 21, 22, 23, 24, 25, 27, 31, 34, 46, 48, 54, 60, 66, 72, 78, 84, 90, 96, 102, 108, 114, 120, 126, 136, 138, 144, 150, 156, 162, 172, 174, 180, 186, 192, 198, 204, 214, 215, 216, 217, 218, 219, 229, 235, 241, 247, 253, 259, 265, 275, 281, 287, 297, 304, 310, 316, 324, 334, 336, 342, 348, 354, 364, 370, 376, 382, 394, 400, 414, 421, 430, 436, 442, 452, 458, 468, 478, 484, 492, 493, 501, 506, 518, 524, 529, 543, 551, 556, 576, 606, 826, 867, 944, 974, 1021, 1070, 1079], "summary": {"covered_lines": 103, "num_statements": 103, "percent_covered": 100.0, "percent_covered_display": "100", "missing_lines": 0, "excluded_lines": 0, "percent_statements_covered": 100.0, "percent_statements_covered_display": "100"}, "missing_lines": [], "excluded_lines": [], "start_line": 1}}, "classes": {"": {"executed_lines": [13, 14, 15, 16, 17, 19, 21, 22, 23, 24, 25, 27, 31, 34, 36, 37, 38, 46, 48, 54, 60, 66, 72, 78, 84, 90, 96, 102, 108, 114, 120, 126, 136, 138, 144, 150, 156, 162, 172, 174, 180, 186, 192, 198, 204, 214, 215, 216, 217, 218, 219, 229, 235, 241, 247, 253, 259, 265, 275, 281, 287, 297, 304, 310, 316, 324, 334, 336, 342, 348, 354, 364, 370, 376, 382, 394, 400, 414, 421, 430, 436, 442, 452, 458, 468, 478, 484, 492, 493, 501, 503, 506, 508, 515, 518, 520, 521, 524, 526, 529, 531, 532, 543, 545, 546, 551, 553, 556, 558, 559, 561, 562, 563, 564, 565, 567, 568, 569, 570, 571, 572, 573, 576, 584, 585, 587, 588, 589, 590, 592, 593, 594, 595, 597, 598, 601, 606, 612, 615, 645, 647, 648, 649, 650, 651, 652, 653, 654, 655, 656, 657, 658, 659, 660, 663, 664, 665, 666, 667, 668, 671, 672, 675, 676, 677, 678, 679, 680, 682, 683, 684, 692, 693, 694, 695, 696, 697, 698, 699, 700, 701, 702, 703, 704, 705, 708, 709, 712, 713, 714, 715, 718, 719, 720, 723, 724, 725, 726, 727, 728, 729, 732, 733, 734, 736, 737, 738, 739, 740, 741, 742, 745, 746, 747, 748, 749, 750, 753, 754, 755, 756, 759, 760, 761, 762, 763, 764, 767, 768, 769, 772, 773, 774, 777, 778, 779, 783, 784, 787, 788, 789, 790, 791, 792, 793, 794, 795, 796, 797, 798, 810, 811, 812, 813, 814, 817, 818, 819, 820, 821, 823, 826, 832, 840, 842, 843, 851, 852, 853, 854, 855, 856, 859, 860, 861, 862, 864, 867, 875, 876, 877, 878, 879, 880, 882, 883, 885, 886, 887, 888, 889, 890, 891, 893, 894, 895, 896, 897, 898, 899, 900, 901, 903, 904, 911, 912, 914, 915, 917, 918, 920, 921, 923, 924, 926, 927, 928, 938, 939, 941, 944, 957, 958, 960, 961, 974, 983, 984, 985, 987, 989, 990, 991, 992, 994, 995, 997, 998, 1000, 1001, 1002, 1003, 1004, 1005, 1006, 1008, 1009, 1010, 1011, 1013, 1021, 1033, 1034, 1035, 1037, 1039, 1040, 1041, 1042, 1044, 1045, 1047, 1048, 1050, 1051, 1058, 1061, 1062, 1070, 1076, 1079, 1093, 1095, 1096, 1098, 1100, 1101, 1102, 1103, 1111, 1114, 1124, 1125, 1126, 1127, 1129, 1139, 1140, 1141, 1144, 1145, 1146, 1147, 1148, 1151, 1152, 1153, 1158, 1159, 1160, 1165, 1166, 1167, 1169, 1170, 1171, 1172, 1173, 1174, 1175, 1176, 1181, 1182, 1188, 1194, 1195, 1201, 1211, 1212, 1213, 1214, 1215, 1216, 1217, 1218], "summary": {"covered_lines": 425, "num_statements": 459, "percent_covered": 92.5925925925926, "percent_covered_display": "93", "missing_lines": 34, "excluded_lines": 0, "percent_statements_covered": 92.5925925925926, "percent_statements_covered_display": "93"}, "missing_lines": [39, 40, 547, 548, 963, 964, 967, 971, 1052, 1053, 1054, 1055, 1056, 1059, 1104, 1105, 1110, 1130, 1131, 1132, 1133, 1134, 1135, 1136, 1137, 1138, 1154, 1155, 1161, 1162, 1207, 1208, 1219, 1220], "excluded_lines": [], "start_line": 1}}}, "src/greenkube/api/routers/__init__.py": {"executed_lines": [], "summary": {"covered_lines": 0, "num_statements": 0, "percent_covered": 100.0, "percent_covered_display": "100", "missing_lines": 0, "excluded_lines": 0, "percent_statements_covered": 100.0, "percent_statements_covered_display": "100"}, "missing_lines": [], "excluded_lines": [], "functions": {"": {"executed_lines": [], "summary": {"covered_lines": 0, "num_statements": 0, "percent_covered": 100.0, "percent_covered_display": "100", "missing_lines": 0, "excluded_lines": 0, "percent_statements_covered": 100.0, "percent_statements_covered_display": "100"}, "missing_lines": [], "excluded_lines": [], "start_line": 1}}, "classes": {"": {"executed_lines": [], "summary": {"covered_lines": 0, "num_statements": 0, "percent_covered": 100.0, "percent_covered_display": "100", "missing_lines": 0, "excluded_lines": 0, "percent_statements_covered": 100.0, "percent_statements_covered_display": "100"}, "missing_lines": [], "excluded_lines": [], "start_line": 1}}}, "src/greenkube/api/routers/config.py": {"executed_lines": [6, 8, 10, 11, 12, 14, 16, 19, 20, 22, 25, 26, 28, 31, 32, 37, 38], "summary": {"covered_lines": 17, "num_statements": 17, "percent_covered": 100.0, "percent_covered_display": "100", "missing_lines": 0, "excluded_lines": 0, "percent_statements_covered": 100.0, "percent_statements_covered_display": "100"}, "missing_lines": [], "excluded_lines": [], "functions": {"health": {"executed_lines": [22], "summary": {"covered_lines": 1, "num_statements": 1, "percent_covered": 100.0, "percent_covered_display": "100", "missing_lines": 0, "excluded_lines": 0, "percent_statements_covered": 100.0, "percent_statements_covered_display": "100"}, "missing_lines": [], "excluded_lines": [], "start_line": 20}, "version": {"executed_lines": [28], "summary": {"covered_lines": 1, "num_statements": 1, "percent_covered": 100.0, "percent_covered_display": "100", "missing_lines": 0, "excluded_lines": 0, "percent_statements_covered": 100.0, "percent_statements_covered_display": "100"}, "missing_lines": [], "excluded_lines": [], "start_line": 26}, "get_config_endpoint": {"executed_lines": [37, 38], "summary": {"covered_lines": 2, "num_statements": 2, "percent_covered": 100.0, "percent_covered_display": "100", "missing_lines": 0, "excluded_lines": 0, "percent_statements_covered": 100.0, "percent_statements_covered_display": "100"}, "missing_lines": [], "excluded_lines": [], "start_line": 32}, "": {"executed_lines": [6, 8, 10, 11, 12, 14, 16, 19, 20, 25, 26, 31, 32], "summary": {"covered_lines": 13, "num_statements": 13, "percent_covered": 100.0, "percent_covered_display": "100", "missing_lines": 0, "excluded_lines": 0, "percent_statements_covered": 100.0, "percent_statements_covered_display": "100"}, "missing_lines": [], "excluded_lines": [], "start_line": 1}}, "classes": {"": {"executed_lines": [6, 8, 10, 11, 12, 14, 16, 19, 20, 22, 25, 26, 28, 31, 32, 37, 38], "summary": {"covered_lines": 17, "num_statements": 17, "percent_covered": 100.0, "percent_covered_display": "100", "missing_lines": 0, "excluded_lines": 0, "percent_statements_covered": 100.0, "percent_statements_covered_display": "100"}, "missing_lines": [], "excluded_lines": [], "start_line": 1}}}, "src/greenkube/api/routers/dashboard.py": {"executed_lines": [10, 11, 13, 15, 21, 22, 23, 29, 31, 34, 37, 38, 49, 50, 51, 56, 62, 66, 96, 97, 111, 113, 114, 121, 122, 123, 124, 125, 126, 130, 131], "summary": {"covered_lines": 31, "num_statements": 44, "percent_covered": 70.45454545454545, "percent_covered_display": "70", "missing_lines": 13, "excluded_lines": 0, "percent_statements_covered": 70.45454545454545, "percent_statements_covered_display": "70"}, "missing_lines": [52, 53, 54, 78, 79, 83, 84, 85, 86, 87, 89, 127, 128], "excluded_lines": [], "functions": {"get_dashboard_summary": {"executed_lines": [49, 50, 51, 56], "summary": {"covered_lines": 4, "num_statements": 7, "percent_covered": 57.142857142857146, "percent_covered_display": "57", "missing_lines": 3, "excluded_lines": 0, "percent_statements_covered": 57.142857142857146, "percent_statements_covered_display": "57"}, "missing_lines": [52, 53, 54], "excluded_lines": [], "start_line": 38}, "get_dashboard_timeseries": {"executed_lines": [], "summary": {"covered_lines": 0, "num_statements": 8, "percent_covered": 0.0, "percent_covered_display": "0", "missing_lines": 8, "excluded_lines": 0, "percent_statements_covered": 0.0, "percent_statements_covered_display": "0"}, "missing_lines": [78, 79, 83, 84, 85, 86, 87, 89], "excluded_lines": [], "start_line": 66}, "refresh_dashboard_summary": {"executed_lines": [111, 113, 114, 121, 130, 131], "summary": {"covered_lines": 6, "num_statements": 6, "percent_covered": 100.0, "percent_covered_display": "100", "missing_lines": 0, "excluded_lines": 0, "percent_statements_covered": 100.0, "percent_statements_covered_display": "100"}, "missing_lines": [], "excluded_lines": [], "start_line": 97}, "refresh_dashboard_summary._run": {"executed_lines": [122, 123, 124, 125, 126], "summary": {"covered_lines": 5, "num_statements": 7, "percent_covered": 71.42857142857143, "percent_covered_display": "71", "missing_lines": 2, "excluded_lines": 0, "percent_statements_covered": 71.42857142857143, "percent_statements_covered_display": "71"}, "missing_lines": [127, 128], "excluded_lines": [], "start_line": 121}, "": {"executed_lines": [10, 11, 13, 15, 21, 22, 23, 29, 31, 34, 37, 38, 62, 66, 96, 97], "summary": {"covered_lines": 16, "num_statements": 16, "percent_covered": 100.0, "percent_covered_display": "100", "missing_lines": 0, "excluded_lines": 0, "percent_statements_covered": 100.0, "percent_statements_covered_display": "100"}, "missing_lines": [], "excluded_lines": [], "start_line": 1}}, "classes": {"": {"executed_lines": [10, 11, 13, 15, 21, 22, 23, 29, 31, 34, 37, 38, 49, 50, 51, 56, 62, 66, 96, 97, 111, 113, 114, 121, 122, 123, 124, 125, 126, 130, 131], "summary": {"covered_lines": 31, "num_statements": 44, "percent_covered": 70.45454545454545, "percent_covered_display": "70", "missing_lines": 13, "excluded_lines": 0, "percent_statements_covered": 70.45454545454545, "percent_statements_covered_display": "70"}, "missing_lines": [52, 53, 54, 78, 79, 83, 84, 85, 86, 87, 89, 127, 128], "excluded_lines": [], "start_line": 1}}}, "src/greenkube/api/routers/health.py": {"executed_lines": [10, 11, 13, 15, 16, 17, 18, 24, 26, 29, 30, 35, 38, 39, 41, 42, 43, 44, 45, 49, 52, 53, 64, 65, 67, 68, 69, 70, 72, 73, 74, 75, 77, 78, 79, 80, 82, 83, 84, 85, 87, 88, 89, 90, 95, 96, 97, 98, 99, 100, 101, 102, 103, 104, 105], "summary": {"covered_lines": 55, "num_statements": 55, "percent_covered": 100.0, "percent_covered_display": "100", "missing_lines": 0, "excluded_lines": 0, "percent_statements_covered": 100.0, "percent_statements_covered_display": "100"}, "missing_lines": [], "excluded_lines": [], "functions": {"get_services_health": {"executed_lines": [35], "summary": {"covered_lines": 1, "num_statements": 1, "percent_covered": 100.0, "percent_covered_display": "100", "missing_lines": 0, "excluded_lines": 0, "percent_statements_covered": 100.0, "percent_statements_covered_display": "100"}, "missing_lines": [], "excluded_lines": [], "start_line": 30}, "get_service_health": {"executed_lines": [41, 42, 43, 44, 45, 49], "summary": {"covered_lines": 6, "num_statements": 6, "percent_covered": 100.0, "percent_covered_display": "100", "missing_lines": 0, "excluded_lines": 0, "percent_statements_covered": 100.0, "percent_statements_covered_display": "100"}, "missing_lines": [], "excluded_lines": [], "start_line": 39}, "update_service_config": {"executed_lines": [64, 65, 67, 68, 69, 70, 72, 73, 74, 75, 77, 78, 79, 80, 82, 83, 84, 85, 87, 88, 89, 90, 95, 96, 97, 98, 99, 100, 101, 102, 103, 104, 105], "summary": {"covered_lines": 33, "num_statements": 33, "percent_covered": 100.0, "percent_covered_display": "100", "missing_lines": 0, "excluded_lines": 0, "percent_statements_covered": 100.0, "percent_statements_covered_display": "100"}, "missing_lines": [], "excluded_lines": [], "start_line": 53}, "": {"executed_lines": [10, 11, 13, 15, 16, 17, 18, 24, 26, 29, 30, 38, 39, 52, 53], "summary": {"covered_lines": 15, "num_statements": 15, "percent_covered": 100.0, "percent_covered_display": "100", "missing_lines": 0, "excluded_lines": 0, "percent_statements_covered": 100.0, "percent_statements_covered_display": "100"}, "missing_lines": [], "excluded_lines": [], "start_line": 1}}, "classes": {"": {"executed_lines": [10, 11, 13, 15, 16, 17, 18, 24, 26, 29, 30, 35, 38, 39, 41, 42, 43, 44, 45, 49, 52, 53, 64, 65, 67, 68, 69, 70, 72, 73, 74, 75, 77, 78, 79, 80, 82, 83, 84, 85, 87, 88, 89, 90, 95, 96, 97, 98, 99, 100, 101, 102, 103, 104, 105], "summary": {"covered_lines": 55, "num_statements": 55, "percent_covered": 100.0, "percent_covered_display": "100", "missing_lines": 0, "excluded_lines": 0, "percent_statements_covered": 100.0, "percent_statements_covered_display": "100"}, "missing_lines": [], "excluded_lines": [], "start_line": 1}}}, "src/greenkube/api/routers/metrics.py": {"executed_lines": [6, 7, 8, 10, 12, 13, 20, 21, 22, 24, 26, 29, 31, 32, 33, 34, 37, 38, 51, 52, 53, 54, 55, 60, 63, 66, 67, 73, 76, 77, 78, 79, 82, 90, 91, 98, 99, 104, 107, 108, 123, 124, 135, 136], "summary": {"covered_lines": 44, "num_statements": 50, "percent_covered": 88.0, "percent_covered_display": "88", "missing_lines": 6, "excluded_lines": 0, "percent_statements_covered": 88.0, "percent_statements_covered_display": "88"}, "missing_lines": [130, 131, 132, 143, 144, 145], "excluded_lines": [], "functions": {"_get_time_range": {"executed_lines": [31, 32, 33, 34], "summary": {"covered_lines": 4, "num_statements": 4, "percent_covered": 100.0, "percent_covered_display": "100", "missing_lines": 0, "excluded_lines": 0, "percent_statements_covered": 100.0, "percent_statements_covered_display": "100"}, "missing_lines": [], "excluded_lines": [], "start_line": 29}, "list_metrics": {"executed_lines": [51, 52, 53, 54, 55, 60, 63], "summary": {"covered_lines": 7, "num_statements": 7, "percent_covered": 100.0, "percent_covered_display": "100", "missing_lines": 0, "excluded_lines": 0, "percent_statements_covered": 100.0, "percent_statements_covered_display": "100"}, "missing_lines": [], "excluded_lines": [], "start_line": 38}, "metrics_summary": {"executed_lines": [73, 76, 77, 78, 79], "summary": {"covered_lines": 5, "num_statements": 5, "percent_covered": 100.0, "percent_covered_display": "100", "missing_lines": 0, "excluded_lines": 0, "percent_statements_covered": 100.0, "percent_statements_covered_display": "100"}, "missing_lines": [], "excluded_lines": [], "start_line": 67}, "metrics_timeseries": {"executed_lines": [98, 99, 104, 107, 108], "summary": {"covered_lines": 5, "num_statements": 5, "percent_covered": 100.0, "percent_covered_display": "100", "missing_lines": 0, "excluded_lines": 0, "percent_statements_covered": 100.0, "percent_statements_covered_display": "100"}, "missing_lines": [], "excluded_lines": [], "start_line": 91}, "metrics_by_namespace": {"executed_lines": [], "summary": {"covered_lines": 0, "num_statements": 3, "percent_covered": 0.0, "percent_covered_display": "0", "missing_lines": 3, "excluded_lines": 0, "percent_statements_covered": 0.0, "percent_statements_covered_display": "0"}, "missing_lines": [130, 131, 132], "excluded_lines": [], "start_line": 124}, "metrics_top_pods": {"executed_lines": [], "summary": {"covered_lines": 0, "num_statements": 3, "percent_covered": 0.0, "percent_covered_display": "0", "missing_lines": 3, "excluded_lines": 0, "percent_statements_covered": 0.0, "percent_statements_covered_display": "0"}, "missing_lines": [143, 144, 145], "excluded_lines": [], "start_line": 136}, "": {"executed_lines": [6, 7, 8, 10, 12, 13, 20, 21, 22, 24, 26, 29, 37, 38, 66, 67, 82, 90, 91, 123, 124, 135, 136], "summary": {"covered_lines": 23, "num_statements": 23, "percent_covered": 100.0, "percent_covered_display": "100", "missing_lines": 0, "excluded_lines": 0, "percent_statements_covered": 100.0, "percent_statements_covered_display": "100"}, "missing_lines": [], "excluded_lines": [], "start_line": 1}}, "classes": {"": {"executed_lines": [6, 7, 8, 10, 12, 13, 20, 21, 22, 24, 26, 29, 31, 32, 33, 34, 37, 38, 51, 52, 53, 54, 55, 60, 63, 66, 67, 73, 76, 77, 78, 79, 82, 90, 91, 98, 99, 104, 107, 108, 123, 124, 135, 136], "summary": {"covered_lines": 44, "num_statements": 50, "percent_covered": 88.0, "percent_covered_display": "88", "missing_lines": 6, "excluded_lines": 0, "percent_statements_covered": 88.0, "percent_statements_covered_display": "88"}, "missing_lines": [130, 131, 132, 143, 144, 145], "excluded_lines": [], "start_line": 1}}}, "src/greenkube/api/routers/namespaces.py": {"executed_lines": [9, 10, 12, 14, 15, 17, 19, 22, 23, 27], "summary": {"covered_lines": 10, "num_statements": 10, "percent_covered": 100.0, "percent_covered_display": "100", "missing_lines": 0, "excluded_lines": 0, "percent_statements_covered": 100.0, "percent_statements_covered_display": "100"}, "missing_lines": [], "excluded_lines": [], "functions": {"list_namespaces": {"executed_lines": [27], "summary": {"covered_lines": 1, "num_statements": 1, "percent_covered": 100.0, "percent_covered_display": "100", "missing_lines": 0, "excluded_lines": 0, "percent_statements_covered": 100.0, "percent_statements_covered_display": "100"}, "missing_lines": [], "excluded_lines": [], "start_line": 23}, "": {"executed_lines": [9, 10, 12, 14, 15, 17, 19, 22, 23], "summary": {"covered_lines": 9, "num_statements": 9, "percent_covered": 100.0, "percent_covered_display": "100", "missing_lines": 0, "excluded_lines": 0, "percent_statements_covered": 100.0, "percent_statements_covered_display": "100"}, "missing_lines": [], "excluded_lines": [], "start_line": 1}}, "classes": {"": {"executed_lines": [9, 10, 12, 14, 15, 17, 19, 22, 23, 27], "summary": {"covered_lines": 10, "num_statements": 10, "percent_covered": 100.0, "percent_covered_display": "100", "missing_lines": 0, "excluded_lines": 0, "percent_statements_covered": 100.0, "percent_statements_covered_display": "100"}, "missing_lines": [], "excluded_lines": [], "start_line": 1}}}, "src/greenkube/api/routers/nodes.py": {"executed_lines": [6, 7, 8, 10, 12, 13, 14, 16, 18, 21, 22, 27, 28, 29], "summary": {"covered_lines": 14, "num_statements": 14, "percent_covered": 100.0, "percent_covered_display": "100", "missing_lines": 0, "excluded_lines": 0, "percent_statements_covered": 100.0, "percent_statements_covered_display": "100"}, "missing_lines": [], "excluded_lines": [], "functions": {"list_nodes": {"executed_lines": [27, 28, 29], "summary": {"covered_lines": 3, "num_statements": 3, "percent_covered": 100.0, "percent_covered_display": "100", "missing_lines": 0, "excluded_lines": 0, "percent_statements_covered": 100.0, "percent_statements_covered_display": "100"}, "missing_lines": [], "excluded_lines": [], "start_line": 22}, "": {"executed_lines": [6, 7, 8, 10, 12, 13, 14, 16, 18, 21, 22], "summary": {"covered_lines": 11, "num_statements": 11, "percent_covered": 100.0, "percent_covered_display": "100", "missing_lines": 0, "excluded_lines": 0, "percent_statements_covered": 100.0, "percent_statements_covered_display": "100"}, "missing_lines": [], "excluded_lines": [], "start_line": 1}}, "classes": {"": {"executed_lines": [6, 7, 8, 10, 12, 13, 14, 16, 18, 21, 22, 27, 28, 29], "summary": {"covered_lines": 14, "num_statements": 14, "percent_covered": 100.0, "percent_covered_display": "100", "missing_lines": 0, "excluded_lines": 0, "percent_statements_covered": 100.0, "percent_statements_covered_display": "100"}, "missing_lines": [], "excluded_lines": [], "start_line": 1}}}, "src/greenkube/api/routers/recommendations.py": {"executed_lines": [17, 18, 19, 21, 23, 30, 31, 32, 33, 34, 35, 43, 44, 45, 47, 49, 52, 76, 78, 79, 81, 82, 83, 85, 86, 90, 93, 95, 98, 104, 105, 106, 107, 108, 117, 125, 132, 133, 134, 135, 136, 141, 142, 143, 145, 146, 147, 150, 152, 153, 154, 158, 159, 160, 161, 165, 166, 173, 175, 176, 177, 178, 179, 183, 186, 187, 200, 203, 204, 216, 217, 218, 222, 225, 226, 240, 246, 247, 250, 251, 262, 263, 271, 272, 274, 282, 283, 295, 296, 307, 308, 310, 311, 313, 314, 315, 322, 323, 327, 330, 331, 350, 351, 370, 371], "summary": {"covered_lines": 105, "num_statements": 149, "percent_covered": 70.46979865771812, "percent_covered_display": "70", "missing_lines": 44, "excluded_lines": 0, "percent_statements_covered": 70.46979865771812, "percent_statements_covered_display": "70"}, "missing_lines": [59, 60, 62, 64, 65, 67, 68, 69, 70, 71, 72, 73, 87, 88, 148, 149, 155, 156, 162, 163, 180, 181, 219, 220, 241, 242, 243, 244, 259, 292, 324, 325, 344, 345, 346, 347, 364, 365, 366, 367, 380, 381, 382, 383], "excluded_lines": [], "functions": {"_get_active_k8s_namespaces": {"executed_lines": [], "summary": {"covered_lines": 0, "num_statements": 12, "percent_covered": 0.0, "percent_covered_display": "0", "missing_lines": 12, "excluded_lines": 0, "percent_statements_covered": 0.0, "percent_statements_covered_display": "0"}, "missing_lines": [59, 60, 62, 64, 65, 67, 68, 69, 70, 71, 72, 73], "excluded_lines": [], "start_line": 52}, "_get_optional_time_range": {"executed_lines": [78, 79, 81, 82, 83, 85, 86, 90], "summary": {"covered_lines": 8, "num_statements": 10, "percent_covered": 80.0, "percent_covered_display": "80", "missing_lines": 2, "excluded_lines": 0, "percent_statements_covered": 80.0, "percent_statements_covered_display": "80"}, "missing_lines": [87, 88], "excluded_lines": [], "start_line": 76}, "_get_savings_cluster_name": {"executed_lines": [95], "summary": {"covered_lines": 1, "num_statements": 1, "percent_covered": 100.0, "percent_covered_display": "100", "missing_lines": 0, "excluded_lines": 0, "percent_statements_covered": 100.0, "percent_statements_covered_display": "100"}, "missing_lines": [], "excluded_lines": [], "start_line": 93}, "_summary_from_savings_totals": {"executed_lines": [104, 105, 106, 107, 108, 117], "summary": {"covered_lines": 6, "num_statements": 6, "percent_covered": 100.0, "percent_covered_display": "100", "missing_lines": 0, "excluded_lines": 0, "percent_statements_covered": 100.0, "percent_statements_covered_display": "100"}, "missing_lines": [], "excluded_lines": [], "start_line": 98}, "_generate_and_persist_recommendations": {"executed_lines": [132, 133, 134, 135, 136, 141, 142, 143, 145, 146, 147, 150, 152, 153, 154, 158, 159, 160, 161, 165, 166, 173, 175, 176, 177, 178, 179, 183], "summary": {"covered_lines": 28, "num_statements": 36, "percent_covered": 77.77777777777777, "percent_covered_display": "78", "missing_lines": 8, "excluded_lines": 0, "percent_statements_covered": 77.77777777777777, "percent_statements_covered_display": "78"}, "missing_lines": [148, 149, 155, 156, 162, 163, 180, 181], "excluded_lines": [], "start_line": 125}, "list_recommendations": {"executed_lines": [200], "summary": {"covered_lines": 1, "num_statements": 1, "percent_covered": 100.0, "percent_covered_display": "100", "missing_lines": 0, "excluded_lines": 0, "percent_statements_covered": 100.0, "percent_statements_covered_display": "100"}, "missing_lines": [], "excluded_lines": [], "start_line": 187}, "list_active_recommendations": {"executed_lines": [216, 217, 218, 222], "summary": {"covered_lines": 4, "num_statements": 6, "percent_covered": 66.66666666666667, "percent_covered_display": "67", "missing_lines": 2, "excluded_lines": 0, "percent_statements_covered": 66.66666666666667, "percent_statements_covered_display": "67"}, "missing_lines": [219, 220], "excluded_lines": [], "start_line": 204}, "list_top_recommendations": {"executed_lines": [240, 246, 247], "summary": {"covered_lines": 3, "num_statements": 7, "percent_covered": 42.857142857142854, "percent_covered_display": "43", "missing_lines": 4, "excluded_lines": 0, "percent_statements_covered": 42.857142857142854, "percent_statements_covered_display": "43"}, "missing_lines": [241, 242, 243, 244], "excluded_lines": [], "start_line": 226}, "list_ignored_recommendations": {"executed_lines": [], "summary": {"covered_lines": 0, "num_statements": 1, "percent_covered": 0.0, "percent_covered_display": "0", "missing_lines": 1, "excluded_lines": 0, "percent_statements_covered": 0.0, "percent_statements_covered_display": "0"}, "missing_lines": [259], "excluded_lines": [], "start_line": 251}, "list_recommendation_history": {"executed_lines": [271, 272, 274], "summary": {"covered_lines": 3, "num_statements": 3, "percent_covered": 100.0, "percent_covered_display": "100", "missing_lines": 0, "excluded_lines": 0, "percent_statements_covered": 100.0, "percent_statements_covered_display": "100"}, "missing_lines": [], "excluded_lines": [], "start_line": 263}, "list_applied_recommendations": {"executed_lines": [], "summary": {"covered_lines": 0, "num_statements": 1, "percent_covered": 0.0, "percent_covered_display": "0", "missing_lines": 1, "excluded_lines": 0, "percent_statements_covered": 0.0, "percent_statements_covered_display": "0"}, "missing_lines": [292], "excluded_lines": [], "start_line": 283}, "get_savings_summary": {"executed_lines": [307, 308, 310, 311, 313, 314, 315, 322, 323, 327], "summary": {"covered_lines": 10, "num_statements": 12, "percent_covered": 83.33333333333333, "percent_covered_display": "83", "missing_lines": 2, "excluded_lines": 0, "percent_statements_covered": 83.33333333333333, "percent_statements_covered_display": "83"}, "missing_lines": [324, 325], "excluded_lines": [], "start_line": 296}, "apply_recommendation": {"executed_lines": [], "summary": {"covered_lines": 0, "num_statements": 4, "percent_covered": 0.0, "percent_covered_display": "0", "missing_lines": 4, "excluded_lines": 0, "percent_statements_covered": 0.0, "percent_statements_covered_display": "0"}, "missing_lines": [344, 345, 346, 347], "excluded_lines": [], "start_line": 331}, "ignore_recommendation": {"executed_lines": [], "summary": {"covered_lines": 0, "num_statements": 4, "percent_covered": 0.0, "percent_covered_display": "0", "missing_lines": 4, "excluded_lines": 0, "percent_statements_covered": 0.0, "percent_statements_covered_display": "0"}, "missing_lines": [364, 365, 366, 367], "excluded_lines": [], "start_line": 351}, "unignore_recommendation": {"executed_lines": [], "summary": {"covered_lines": 0, "num_statements": 4, "percent_covered": 0.0, "percent_covered_display": "0", "missing_lines": 4, "excluded_lines": 0, "percent_statements_covered": 0.0, "percent_statements_covered_display": "0"}, "missing_lines": [380, 381, 382, 383], "excluded_lines": [], "start_line": 371}, "": {"executed_lines": [17, 18, 19, 21, 23, 30, 31, 32, 33, 34, 35, 43, 44, 45, 47, 49, 52, 76, 93, 98, 125, 186, 187, 203, 204, 225, 226, 250, 251, 262, 263, 282, 283, 295, 296, 330, 331, 350, 351, 370, 371], "summary": {"covered_lines": 41, "num_statements": 41, "percent_covered": 100.0, "percent_covered_display": "100", "missing_lines": 0, "excluded_lines": 0, "percent_statements_covered": 100.0, "percent_statements_covered_display": "100"}, "missing_lines": [], "excluded_lines": [], "start_line": 1}}, "classes": {"": {"executed_lines": [17, 18, 19, 21, 23, 30, 31, 32, 33, 34, 35, 43, 44, 45, 47, 49, 52, 76, 78, 79, 81, 82, 83, 85, 86, 90, 93, 95, 98, 104, 105, 106, 107, 108, 117, 125, 132, 133, 134, 135, 136, 141, 142, 143, 145, 146, 147, 150, 152, 153, 154, 158, 159, 160, 161, 165, 166, 173, 175, 176, 177, 178, 179, 183, 186, 187, 200, 203, 204, 216, 217, 218, 222, 225, 226, 240, 246, 247, 250, 251, 262, 263, 271, 272, 274, 282, 283, 295, 296, 307, 308, 310, 311, 313, 314, 315, 322, 323, 327, 330, 331, 350, 351, 370, 371], "summary": {"covered_lines": 105, "num_statements": 149, "percent_covered": 70.46979865771812, "percent_covered_display": "70", "missing_lines": 44, "excluded_lines": 0, "percent_statements_covered": 70.46979865771812, "percent_statements_covered_display": "70"}, "missing_lines": [59, 60, 62, 64, 65, 67, 68, 69, 70, 71, 72, 73, 87, 88, 148, 149, 155, 156, 162, 163, 180, 181, 219, 220, 241, 242, 243, 244, 259, 292, 324, 325, 344, 345, 346, 347, 364, 365, 366, 367, 380, 381, 382, 383], "excluded_lines": [], "start_line": 1}}}, "src/greenkube/api/routers/report.py": {"executed_lines": [9, 10, 11, 12, 13, 14, 16, 17, 19, 20, 21, 22, 23, 25, 27, 29, 30, 31, 34, 36, 37, 38, 39, 42, 44, 46, 52, 54, 57, 59, 60, 61, 62, 63, 64, 70, 77, 78, 79, 81, 83, 84, 86, 87, 88, 89, 90, 92, 94, 97, 114, 125, 134, 135, 136, 137, 138, 139, 140, 141, 142, 143, 146, 147, 162, 163, 167, 168, 173, 175, 176, 177, 178, 195, 196, 197, 198, 200, 201, 202, 210, 222, 223, 228, 231, 232, 251, 252, 256, 257, 261, 268, 269, 272, 274, 275, 277, 278, 279, 280, 281, 284, 285, 286, 287, 288, 290, 292, 293, 294, 295, 296, 297, 298, 300, 301, 302, 304, 311, 312, 313, 314, 315, 316, 317, 318, 319, 320, 321, 322, 323, 324, 325, 326, 328, 340, 342, 343, 344, 345, 348, 362, 364, 365, 367], "summary": {"covered_lines": 145, "num_statements": 168, "percent_covered": 86.30952380952381, "percent_covered_display": "86", "missing_lines": 23, "excluded_lines": 0, "percent_statements_covered": 86.30952380952381, "percent_statements_covered_display": "86"}, "missing_lines": [45, 65, 66, 67, 80, 85, 91, 106, 107, 108, 111, 262, 350, 351, 352, 353, 354, 355, 356, 357, 358, 359, 366], "excluded_lines": [], "functions": {"_get_time_range": {"executed_lines": [36, 37, 38, 39], "summary": {"covered_lines": 4, "num_statements": 4, "percent_covered": 100.0, "percent_covered_display": "100", "missing_lines": 0, "excluded_lines": 0, "percent_statements_covered": 100.0, "percent_statements_covered_display": "100"}, "missing_lines": [], "excluded_lines": [], "start_line": 34}, "_get_calendar_year_range": {"executed_lines": [44, 46], "summary": {"covered_lines": 2, "num_statements": 3, "percent_covered": 66.66666666666667, "percent_covered_display": "67", "missing_lines": 1, "excluded_lines": 0, "percent_statements_covered": 66.66666666666667, "percent_statements_covered_display": "67"}, "missing_lines": [45], "excluded_lines": [], "start_line": 42}, "_is_date_only": {"executed_lines": [54], "summary": {"covered_lines": 1, "num_statements": 1, "percent_covered": 100.0, "percent_covered_display": "100", "missing_lines": 0, "excluded_lines": 0, "percent_statements_covered": 100.0, "percent_statements_covered_display": "100"}, "missing_lines": [], "excluded_lines": [], "start_line": 52}, "_parse_report_datetime": {"executed_lines": [59, 60, 61, 62, 63, 64], "summary": {"covered_lines": 6, "num_statements": 9, "percent_covered": 66.66666666666667, "percent_covered_display": "67", "missing_lines": 3, "excluded_lines": 0, "percent_statements_covered": 66.66666666666667, "percent_statements_covered_display": "67"}, "missing_lines": [65, 66, 67], "excluded_lines": [], "start_line": 57}, "_get_time_ranges": {"executed_lines": [77, 78, 79, 81, 83, 84, 86, 87, 88, 89, 90, 92, 94], "summary": {"covered_lines": 13, "num_statements": 16, "percent_covered": 81.25, "percent_covered_display": "81", "missing_lines": 3, "excluded_lines": 0, "percent_statements_covered": 81.25, "percent_statements_covered_display": "81"}, "missing_lines": [80, 85, 91], "excluded_lines": [], "start_line": 70}, "_read_report_metrics": {"executed_lines": [], "summary": {"covered_lines": 0, "num_statements": 4, "percent_covered": 0.0, "percent_covered_display": "0", "missing_lines": 4, "excluded_lines": 0, "percent_statements_covered": 0.0, "percent_statements_covered_display": "0"}, "missing_lines": [106, 107, 108, 111], "excluded_lines": [], "start_line": 97}, "_aggregate_summary_for_ranges": {"executed_lines": [125, 134, 135, 136, 137, 138, 139, 140, 141, 142, 143], "summary": {"covered_lines": 11, "num_statements": 11, "percent_covered": 100.0, "percent_covered_display": "100", "missing_lines": 0, "excluded_lines": 0, "percent_statements_covered": 100.0, "percent_statements_covered_display": "100"}, "missing_lines": [], "excluded_lines": [], "start_line": 114}, "report_summary": {"executed_lines": [162, 163, 167, 168, 173, 175, 176, 177, 178, 195, 196, 197, 198, 200, 201, 202, 210], "summary": {"covered_lines": 17, "num_statements": 17, "percent_covered": 100.0, "percent_covered_display": "100", "missing_lines": 0, "excluded_lines": 0, "percent_statements_covered": 100.0, "percent_statements_covered_display": "100"}, "missing_lines": [], "excluded_lines": [], "start_line": 147}, "report_years": {"executed_lines": [228], "summary": {"covered_lines": 1, "num_statements": 1, "percent_covered": 100.0, "percent_covered_display": "100", "missing_lines": 0, "excluded_lines": 0, "percent_statements_covered": 100.0, "percent_statements_covered_display": "100"}, "missing_lines": [], "excluded_lines": [], "start_line": 223}, "report_export": {"executed_lines": [251, 252, 256, 257, 261, 268, 269, 272, 290, 292, 304, 311, 328], "summary": {"covered_lines": 13, "num_statements": 14, "percent_covered": 92.85714285714286, "percent_covered_display": "93", "missing_lines": 1, "excluded_lines": 0, "percent_statements_covered": 92.85714285714286, "percent_statements_covered_display": "93"}, "missing_lines": [262], "excluded_lines": [], "start_line": 232}, "report_export._iter_metrics_chunks": {"executed_lines": [274, 275, 277, 278, 279, 280, 281, 284, 285, 286, 287, 288], "summary": {"covered_lines": 12, "num_statements": 12, "percent_covered": 100.0, "percent_covered_display": "100", "missing_lines": 0, "excluded_lines": 0, "percent_statements_covered": 100.0, "percent_statements_covered_display": "100"}, "missing_lines": [], "excluded_lines": [], "start_line": 272}, "report_export._json_stream": {"executed_lines": [293, 294, 295, 296, 297, 298, 300, 301, 302], "summary": {"covered_lines": 9, "num_statements": 9, "percent_covered": 100.0, "percent_covered_display": "100", "missing_lines": 0, "excluded_lines": 0, "percent_statements_covered": 100.0, "percent_statements_covered_display": "100"}, "missing_lines": [], "excluded_lines": [], "start_line": 292}, "report_export._csv_stream": {"executed_lines": [312, 313, 314, 315, 316, 317, 318, 319, 320, 321, 322, 323, 324, 325, 326], "summary": {"covered_lines": 15, "num_statements": 15, "percent_covered": 100.0, "percent_covered_display": "100", "missing_lines": 0, "excluded_lines": 0, "percent_statements_covered": 100.0, "percent_statements_covered_display": "100"}, "missing_lines": [], "excluded_lines": [], "start_line": 311}, "_granularity_flags": {"executed_lines": [342, 343, 344, 345], "summary": {"covered_lines": 4, "num_statements": 4, "percent_covered": 100.0, "percent_covered_display": "100", "missing_lines": 0, "excluded_lines": 0, "percent_statements_covered": 100.0, "percent_statements_covered_display": "100"}, "missing_lines": [], "excluded_lines": [], "start_line": 340}, "_rows_to_csv": {"executed_lines": [], "summary": {"covered_lines": 0, "num_statements": 10, "percent_covered": 0.0, "percent_covered_display": "0", "missing_lines": 10, "excluded_lines": 0, "percent_statements_covered": 0.0, "percent_statements_covered_display": "0"}, "missing_lines": [350, 351, 352, 353, 354, 355, 356, 357, 358, 359], "excluded_lines": [], "start_line": 348}, "_sanitize_cell": {"executed_lines": [364, 365, 367], "summary": {"covered_lines": 3, "num_statements": 4, "percent_covered": 75.0, "percent_covered_display": "75", "missing_lines": 1, "excluded_lines": 0, "percent_statements_covered": 75.0, "percent_statements_covered_display": "75"}, "missing_lines": [366], "excluded_lines": [], "start_line": 362}, "": {"executed_lines": [9, 10, 11, 12, 13, 14, 16, 17, 19, 20, 21, 22, 23, 25, 27, 29, 30, 31, 34, 42, 52, 57, 70, 97, 114, 146, 147, 222, 223, 231, 232, 340, 348, 362], "summary": {"covered_lines": 34, "num_statements": 34, "percent_covered": 100.0, "percent_covered_display": "100", "missing_lines": 0, "excluded_lines": 0, "percent_statements_covered": 100.0, "percent_statements_covered_display": "100"}, "missing_lines": [], "excluded_lines": [], "start_line": 1}}, "classes": {"": {"executed_lines": [9, 10, 11, 12, 13, 14, 16, 17, 19, 20, 21, 22, 23, 25, 27, 29, 30, 31, 34, 36, 37, 38, 39, 42, 44, 46, 52, 54, 57, 59, 60, 61, 62, 63, 64, 70, 77, 78, 79, 81, 83, 84, 86, 87, 88, 89, 90, 92, 94, 97, 114, 125, 134, 135, 136, 137, 138, 139, 140, 141, 142, 143, 146, 147, 162, 163, 167, 168, 173, 175, 176, 177, 178, 195, 196, 197, 198, 200, 201, 202, 210, 222, 223, 228, 231, 232, 251, 252, 256, 257, 261, 268, 269, 272, 274, 275, 277, 278, 279, 280, 281, 284, 285, 286, 287, 288, 290, 292, 293, 294, 295, 296, 297, 298, 300, 301, 302, 304, 311, 312, 313, 314, 315, 316, 317, 318, 319, 320, 321, 322, 323, 324, 325, 326, 328, 340, 342, 343, 344, 345, 348, 362, 364, 365, 367], "summary": {"covered_lines": 145, "num_statements": 168, "percent_covered": 86.30952380952381, "percent_covered_display": "86", "missing_lines": 23, "excluded_lines": 0, "percent_statements_covered": 86.30952380952381, "percent_statements_covered_display": "86"}, "missing_lines": [45, 65, 66, 67, 80, 85, 91, 106, 107, 108, 111, 262, 350, 351, 352, 353, 354, 355, 356, 357, 358, 359, 366], "excluded_lines": [], "start_line": 1}}}, "src/greenkube/api/schemas.py": {"executed_lines": [7, 9, 11, 14, 17, 18, 21, 24, 27, 30, 31, 34, 37, 38, 39, 40, 43, 46, 47, 48, 51, 54, 55, 56, 57, 60, 63, 64, 65, 66, 67, 68, 69, 70, 71, 72, 75, 78, 79, 80, 81, 84, 87, 88, 89, 90, 91, 94, 97, 98, 99, 100, 101, 102, 105, 108, 109, 110, 113, 116, 117, 118, 119, 122, 131, 135, 141, 148, 149, 150], "summary": {"covered_lines": 70, "num_statements": 70, "percent_covered": 100.0, "percent_covered_display": "100", "missing_lines": 0, "excluded_lines": 0, "percent_statements_covered": 100.0, "percent_statements_covered_display": "100"}, "missing_lines": [], "excluded_lines": [], "functions": {"": {"executed_lines": [7, 9, 11, 14, 17, 18, 21, 24, 27, 30, 31, 34, 37, 38, 39, 40, 43, 46, 47, 48, 51, 54, 55, 56, 57, 60, 63, 64, 65, 66, 67, 68, 69, 70, 71, 72, 75, 78, 79, 80, 81, 84, 87, 88, 89, 90, 91, 94, 97, 98, 99, 100, 101, 102, 105, 108, 109, 110, 113, 116, 117, 118, 119, 122, 131, 135, 141, 148, 149, 150], "summary": {"covered_lines": 70, "num_statements": 70, "percent_covered": 100.0, "percent_covered_display": "100", "missing_lines": 0, "excluded_lines": 0, "percent_statements_covered": 100.0, "percent_statements_covered_display": "100"}, "missing_lines": [], "excluded_lines": [], "start_line": 1}}, "classes": {"HealthResponse": {"executed_lines": [], "summary": {"covered_lines": 0, "num_statements": 0, "percent_covered": 100.0, "percent_covered_display": "100", "missing_lines": 0, "excluded_lines": 0, "percent_statements_covered": 100.0, "percent_statements_covered_display": "100"}, "missing_lines": [], "excluded_lines": [], "start_line": 14}, "VersionResponse": {"executed_lines": [], "summary": {"covered_lines": 0, "num_statements": 0, "percent_covered": 100.0, "percent_covered_display": "100", "missing_lines": 0, "excluded_lines": 0, "percent_statements_covered": 100.0, "percent_statements_covered_display": "100"}, "missing_lines": [], "excluded_lines": [], "start_line": 21}, "MetricsSummaryResponse": {"executed_lines": [], "summary": {"covered_lines": 0, "num_statements": 0, "percent_covered": 100.0, "percent_covered_display": "100", "missing_lines": 0, "excluded_lines": 0, "percent_statements_covered": 100.0, "percent_statements_covered_display": "100"}, "missing_lines": [], "excluded_lines": [], "start_line": 27}, "TimeseriesPoint": {"executed_lines": [], "summary": {"covered_lines": 0, "num_statements": 0, "percent_covered": 100.0, "percent_covered_display": "100", "missing_lines": 0, "excluded_lines": 0, "percent_statements_covered": 100.0, "percent_statements_covered_display": "100"}, "missing_lines": [], "excluded_lines": [], "start_line": 43}, "ConfigResponse": {"executed_lines": [], "summary": {"covered_lines": 0, "num_statements": 0, "percent_covered": 100.0, "percent_covered_display": "100", "missing_lines": 0, "excluded_lines": 0, "percent_statements_covered": 100.0, "percent_statements_covered_display": "100"}, "missing_lines": [], "excluded_lines": [], "start_line": 60}, "PaginatedMetricsResponse": {"executed_lines": [], "summary": {"covered_lines": 0, "num_statements": 0, "percent_covered": 100.0, "percent_covered_display": "100", "missing_lines": 0, "excluded_lines": 0, "percent_statements_covered": 100.0, "percent_statements_covered_display": "100"}, "missing_lines": [], "excluded_lines": [], "start_line": 75}, "NamespaceBreakdownItem": {"executed_lines": [], "summary": {"covered_lines": 0, "num_statements": 0, "percent_covered": 100.0, "percent_covered_display": "100", "missing_lines": 0, "excluded_lines": 0, "percent_statements_covered": 100.0, "percent_statements_covered_display": "100"}, "missing_lines": [], "excluded_lines": [], "start_line": 84}, "TopPodItem": {"executed_lines": [], "summary": {"covered_lines": 0, "num_statements": 0, "percent_covered": 100.0, "percent_covered_display": "100", "missing_lines": 0, "excluded_lines": 0, "percent_statements_covered": 100.0, "percent_statements_covered_display": "100"}, "missing_lines": [], "excluded_lines": [], "start_line": 94}, "ReportSummaryResponse": {"executed_lines": [], "summary": {"covered_lines": 0, "num_statements": 0, "percent_covered": 100.0, "percent_covered_display": "100", "missing_lines": 0, "excluded_lines": 0, "percent_statements_covered": 100.0, "percent_statements_covered_display": "100"}, "missing_lines": [], "excluded_lines": [], "start_line": 105}, "DashboardSummaryResponse": {"executed_lines": [], "summary": {"covered_lines": 0, "num_statements": 0, "percent_covered": 100.0, "percent_covered_display": "100", "missing_lines": 0, "excluded_lines": 0, "percent_statements_covered": 100.0, "percent_statements_covered_display": "100"}, "missing_lines": [], "excluded_lines": [], "start_line": 122}, "DashboardTimeseriesResponse": {"executed_lines": [], "summary": {"covered_lines": 0, "num_statements": 0, "percent_covered": 100.0, "percent_covered_display": "100", "missing_lines": 0, "excluded_lines": 0, "percent_statements_covered": 100.0, "percent_statements_covered_display": "100"}, "missing_lines": [], "excluded_lines": [], "start_line": 141}, "": {"executed_lines": [7, 9, 11, 14, 17, 18, 21, 24, 27, 30, 31, 34, 37, 38, 39, 40, 43, 46, 47, 48, 51, 54, 55, 56, 57, 60, 63, 64, 65, 66, 67, 68, 69, 70, 71, 72, 75, 78, 79, 80, 81, 84, 87, 88, 89, 90, 91, 94, 97, 98, 99, 100, 101, 102, 105, 108, 109, 110, 113, 116, 117, 118, 119, 122, 131, 135, 141, 148, 149, 150], "summary": {"covered_lines": 70, "num_statements": 70, "percent_covered": 100.0, "percent_covered_display": "100", "missing_lines": 0, "excluded_lines": 0, "percent_statements_covered": 100.0, "percent_statements_covered_display": "100"}, "missing_lines": [], "excluded_lines": [], "start_line": 1}}}, "src/greenkube/api/startup.py": {"executed_lines": [10, 11, 13, 14, 15, 16, 17, 22, 23, 25, 28, 44, 45, 46, 47, 48, 49, 51, 52, 53, 55, 57, 58, 59, 61, 62, 63, 65, 66, 67, 68, 69, 71, 72, 73, 74, 75, 76, 78, 79, 86, 88, 89, 90, 91, 93, 94, 95], "summary": {"covered_lines": 48, "num_statements": 48, "percent_covered": 100.0, "percent_covered_display": "100", "missing_lines": 0, "excluded_lines": 0, "percent_statements_covered": 100.0, "percent_statements_covered_display": "100"}, "missing_lines": [], "excluded_lines": [], "functions": {"run_startup_recommendation_scan": {"executed_lines": [44, 45, 46, 47, 48, 49, 51, 52, 53, 55, 57, 58, 59, 61, 62, 63, 65, 66, 67, 68, 69, 71, 72, 73, 74, 75, 76, 78, 79, 86, 88, 89, 90, 91, 93, 94, 95], "summary": {"covered_lines": 37, "num_statements": 37, "percent_covered": 100.0, "percent_covered_display": "100", "missing_lines": 0, "excluded_lines": 0, "percent_statements_covered": 100.0, "percent_statements_covered_display": "100"}, "missing_lines": [], "excluded_lines": [], "start_line": 28}, "": {"executed_lines": [10, 11, 13, 14, 15, 16, 17, 22, 23, 25, 28], "summary": {"covered_lines": 11, "num_statements": 11, "percent_covered": 100.0, "percent_covered_display": "100", "missing_lines": 0, "excluded_lines": 0, "percent_statements_covered": 100.0, "percent_statements_covered_display": "100"}, "missing_lines": [], "excluded_lines": [], "start_line": 1}}, "classes": {"": {"executed_lines": [10, 11, 13, 14, 15, 16, 17, 22, 23, 25, 28, 44, 45, 46, 47, 48, 49, 51, 52, 53, 55, 57, 58, 59, 61, 62, 63, 65, 66, 67, 68, 69, 71, 72, 73, 74, 75, 76, 78, 79, 86, 88, 89, 90, 91, 93, 94, 95], "summary": {"covered_lines": 48, "num_statements": 48, "percent_covered": 100.0, "percent_covered_display": "100", "missing_lines": 0, "excluded_lines": 0, "percent_statements_covered": 100.0, "percent_statements_covered_display": "100"}, "missing_lines": [], "excluded_lines": [], "start_line": 1}}}, "src/greenkube/cli/__init__.py": {"executed_lines": [], "summary": {"covered_lines": 0, "num_statements": 7, "percent_covered": 0.0, "percent_covered_display": "0", "missing_lines": 7, "excluded_lines": 0, "percent_statements_covered": 0.0, "percent_statements_covered_display": "0"}, "missing_lines": [9, 11, 12, 15, 16, 18, 20], "excluded_lines": [], "functions": {"": {"executed_lines": [], "summary": {"covered_lines": 0, "num_statements": 7, "percent_covered": 0.0, "percent_covered_display": "0", "missing_lines": 7, "excluded_lines": 0, "percent_statements_covered": 0.0, "percent_statements_covered_display": "0"}, "missing_lines": [9, 11, 12, 15, 16, 18, 20], "excluded_lines": [], "start_line": 1}}, "classes": {"": {"executed_lines": [], "summary": {"covered_lines": 0, "num_statements": 7, "percent_covered": 0.0, "percent_covered_display": "0", "missing_lines": 7, "excluded_lines": 0, "percent_statements_covered": 0.0, "percent_statements_covered_display": "0"}, "missing_lines": [9, 11, 12, 15, 16, 18, 20], "excluded_lines": [], "start_line": 1}}}, "src/greenkube/cli/demo.py": {"executed_lines": [], "summary": {"covered_lines": 0, "num_statements": 21, "percent_covered": 0.0, "percent_covered_display": "0", "missing_lines": 21, "excluded_lines": 0, "percent_statements_covered": 0.0, "percent_statements_covered_display": "0"}, "missing_lines": [10, 11, 12, 14, 15, 17, 19, 26, 27, 58, 59, 61, 66, 67, 69, 70, 71, 72, 73, 74, 75], "excluded_lines": [], "functions": {"demo": {"executed_lines": [], "summary": {"covered_lines": 0, "num_statements": 12, "percent_covered": 0.0, "percent_covered_display": "0", "missing_lines": 12, "excluded_lines": 0, "percent_statements_covered": 0.0, "percent_statements_covered_display": "0"}, "missing_lines": [58, 59, 61, 66, 67, 69, 70, 71, 72, 73, 74, 75], "excluded_lines": [], "start_line": 27}, "": {"executed_lines": [], "summary": {"covered_lines": 0, "num_statements": 9, "percent_covered": 0.0, "percent_covered_display": "0", "missing_lines": 9, "excluded_lines": 0, "percent_statements_covered": 0.0, "percent_statements_covered_display": "0"}, "missing_lines": [10, 11, 12, 14, 15, 17, 19, 26, 27], "excluded_lines": [], "start_line": 1}}, "classes": {"": {"executed_lines": [], "summary": {"covered_lines": 0, "num_statements": 21, "percent_covered": 0.0, "percent_covered_display": "0", "missing_lines": 21, "excluded_lines": 0, "percent_statements_covered": 0.0, "percent_statements_covered_display": "0"}, "missing_lines": [10, 11, 12, 14, 15, 17, 19, 26, 27, 58, 59, 61, 66, 67, 69, 70, 71, 72, 73, 74, 75], "excluded_lines": [], "start_line": 1}}}, "src/greenkube/cli/main.py": {"executed_lines": [], "summary": {"covered_lines": 0, "num_statements": 27, "percent_covered": 0.0, "percent_covered_display": "0", "missing_lines": 27, "excluded_lines": 0, "percent_statements_covered": 0.0, "percent_statements_covered_display": "0"}, "missing_lines": [8, 9, 11, 13, 14, 20, 25, 28, 35, 39, 40, 42, 43, 46, 47, 51, 53, 56, 57, 75, 76, 80, 81, 82, 83, 86, 87], "excluded_lines": [], "functions": {"version_callback": {"executed_lines": [], "summary": {"covered_lines": 0, "num_statements": 4, "percent_covered": 0.0, "percent_covered_display": "0", "missing_lines": 4, "excluded_lines": 0, "percent_statements_covered": 0.0, "percent_statements_covered_display": "0"}, "missing_lines": [39, 40, 42, 43], "excluded_lines": [], "start_line": 35}, "version": {"executed_lines": [], "summary": {"covered_lines": 0, "num_statements": 2, "percent_covered": 0.0, "percent_covered_display": "0", "missing_lines": 2, "excluded_lines": 0, "percent_statements_covered": 0.0, "percent_statements_covered_display": "0"}, "missing_lines": [51, 53], "excluded_lines": [], "start_line": 47}, "main": {"executed_lines": [], "summary": {"covered_lines": 0, "num_statements": 2, "percent_covered": 0.0, "percent_covered_display": "0", "missing_lines": 2, "excluded_lines": 0, "percent_statements_covered": 0.0, "percent_statements_covered_display": "0"}, "missing_lines": [75, 76], "excluded_lines": [], "start_line": 57}, "": {"executed_lines": [], "summary": {"covered_lines": 0, "num_statements": 19, "percent_covered": 0.0, "percent_covered_display": "0", "missing_lines": 19, "excluded_lines": 0, "percent_statements_covered": 0.0, "percent_statements_covered_display": "0"}, "missing_lines": [8, 9, 11, 13, 14, 20, 25, 28, 35, 46, 47, 56, 57, 80, 81, 82, 83, 86, 87], "excluded_lines": [], "start_line": 1}}, "classes": {"": {"executed_lines": [], "summary": {"covered_lines": 0, "num_statements": 27, "percent_covered": 0.0, "percent_covered_display": "0", "missing_lines": 27, "excluded_lines": 0, "percent_statements_covered": 0.0, "percent_statements_covered_display": "0"}, "missing_lines": [8, 9, 11, 13, 14, 20, 25, 28, 35, 39, 40, 42, 43, 46, 47, 51, 53, 56, 57, 75, 76, 80, 81, 82, 83, 86, 87], "excluded_lines": [], "start_line": 1}}}, "src/greenkube/cli/recommend.py": {"executed_lines": [], "summary": {"covered_lines": 0, "num_statements": 82, "percent_covered": 0.0, "percent_covered_display": "0", "missing_lines": 82, "excluded_lines": 0, "percent_statements_covered": 0.0, "percent_statements_covered_display": "0"}, "missing_lines": [10, 11, 12, 13, 15, 16, 18, 19, 20, 21, 23, 25, 31, 32, 56, 57, 59, 61, 62, 63, 64, 65, 67, 68, 70, 71, 72, 74, 75, 76, 77, 78, 79, 80, 82, 83, 84, 87, 88, 89, 90, 91, 92, 95, 96, 97, 98, 99, 100, 101, 104, 105, 106, 108, 109, 110, 111, 114, 115, 122, 124, 125, 127, 128, 132, 134, 135, 136, 137, 138, 139, 141, 142, 143, 145, 147, 148, 149, 150, 151, 152, 153], "excluded_lines": [], "functions": {"recommend": {"executed_lines": [], "summary": {"covered_lines": 0, "num_statements": 11, "percent_covered": 0.0, "percent_covered_display": "0", "missing_lines": 11, "excluded_lines": 0, "percent_statements_covered": 0.0, "percent_statements_covered_display": "0"}, "missing_lines": [56, 57, 59, 61, 147, 148, 149, 150, 151, 152, 153], "excluded_lines": [], "start_line": 32}, "recommend._recommend_async": {"executed_lines": [], "summary": {"covered_lines": 0, "num_statements": 57, "percent_covered": 0.0, "percent_covered_display": "0", "missing_lines": 57, "excluded_lines": 0, "percent_statements_covered": 0.0, "percent_statements_covered_display": "0"}, "missing_lines": [62, 63, 64, 65, 67, 68, 70, 71, 72, 74, 75, 76, 77, 78, 79, 80, 82, 83, 84, 87, 88, 89, 90, 91, 92, 95, 96, 97, 98, 99, 100, 101, 104, 105, 106, 108, 109, 110, 111, 114, 115, 122, 124, 125, 127, 128, 132, 134, 135, 136, 137, 138, 139, 141, 142, 143, 145], "excluded_lines": [], "start_line": 61}, "": {"executed_lines": [], "summary": {"covered_lines": 0, "num_statements": 14, "percent_covered": 0.0, "percent_covered_display": "0", "missing_lines": 14, "excluded_lines": 0, "percent_statements_covered": 0.0, "percent_statements_covered_display": "0"}, "missing_lines": [10, 11, 12, 13, 15, 16, 18, 19, 20, 21, 23, 25, 31, 32], "excluded_lines": [], "start_line": 1}}, "classes": {"": {"executed_lines": [], "summary": {"covered_lines": 0, "num_statements": 82, "percent_covered": 0.0, "percent_covered_display": "0", "missing_lines": 82, "excluded_lines": 0, "percent_statements_covered": 0.0, "percent_statements_covered_display": "0"}, "missing_lines": [10, 11, 12, 13, 15, 16, 18, 19, 20, 21, 23, 25, 31, 32, 56, 57, 59, 61, 62, 63, 64, 65, 67, 68, 70, 71, 72, 74, 75, 76, 77, 78, 79, 80, 82, 83, 84, 87, 88, 89, 90, 91, 92, 95, 96, 97, 98, 99, 100, 101, 104, 105, 106, 108, 109, 110, 111, 114, 115, 122, 124, 125, 127, 128, 132, 134, 135, 136, 137, 138, 139, 141, 142, 143, 145, 147, 148, 149, 150, 151, 152, 153], "excluded_lines": [], "start_line": 1}}}, "src/greenkube/cli/report.py": {"executed_lines": [], "summary": {"covered_lines": 0, "num_statements": 112, "percent_covered": 0.0, "percent_covered_display": "0", "missing_lines": 112, "excluded_lines": 0, "percent_statements_covered": 0.0, "percent_statements_covered_display": "0"}, "missing_lines": [6, 7, 8, 9, 10, 11, 13, 14, 16, 17, 18, 19, 20, 21, 22, 23, 25, 27, 30, 35, 36, 38, 39, 40, 41, 44, 45, 47, 48, 50, 53, 54, 55, 56, 57, 59, 60, 61, 62, 63, 65, 67, 68, 69, 70, 72, 73, 74, 75, 78, 89, 91, 92, 93, 94, 95, 100, 101, 102, 103, 104, 109, 110, 111, 112, 115, 116, 188, 189, 191, 194, 195, 196, 197, 199, 200, 201, 203, 204, 206, 208, 210, 212, 213, 215, 216, 225, 226, 227, 228, 230, 231, 234, 235, 241, 242, 246, 248, 249, 250, 251, 252, 253, 256, 258, 260, 261, 262, 263, 264, 265, 266], "excluded_lines": [], "functions": {"handle_export": {"executed_lines": [], "summary": {"covered_lines": 0, "num_statements": 30, "percent_covered": 0.0, "percent_covered_display": "0", "missing_lines": 30, "excluded_lines": 0, "percent_statements_covered": 0.0, "percent_statements_covered_display": "0"}, "missing_lines": [35, 36, 38, 39, 40, 41, 44, 45, 47, 48, 50, 53, 54, 55, 56, 57, 59, 60, 61, 62, 63, 65, 67, 68, 69, 70, 72, 73, 74, 75], "excluded_lines": [], "start_line": 30}, "_check_ci_thresholds": {"executed_lines": [], "summary": {"covered_lines": 0, "num_statements": 15, "percent_covered": 0.0, "percent_covered_display": "0", "missing_lines": 15, "excluded_lines": 0, "percent_statements_covered": 0.0, "percent_statements_covered_display": "0"}, "missing_lines": [89, 91, 92, 93, 94, 95, 100, 101, 102, 103, 104, 109, 110, 111, 112], "excluded_lines": [], "start_line": 78}, "report": {"executed_lines": [], "summary": {"covered_lines": 0, "num_statements": 15, "percent_covered": 0.0, "percent_covered_display": "0", "missing_lines": 15, "excluded_lines": 0, "percent_statements_covered": 0.0, "percent_statements_covered_display": "0"}, "missing_lines": [188, 189, 191, 194, 195, 196, 197, 199, 260, 261, 262, 263, 264, 265, 266], "excluded_lines": [], "start_line": 116}, "report._report_async": {"executed_lines": [], "summary": {"covered_lines": 0, "num_statements": 30, "percent_covered": 0.0, "percent_covered_display": "0", "missing_lines": 30, "excluded_lines": 0, "percent_statements_covered": 0.0, "percent_statements_covered_display": "0"}, "missing_lines": [200, 201, 203, 204, 206, 208, 210, 212, 213, 215, 216, 225, 226, 227, 228, 230, 231, 234, 235, 241, 242, 246, 248, 249, 250, 251, 252, 253, 256, 258], "excluded_lines": [], "start_line": 199}, "": {"executed_lines": [], "summary": {"covered_lines": 0, "num_statements": 22, "percent_covered": 0.0, "percent_covered_display": "0", "missing_lines": 22, "excluded_lines": 0, "percent_statements_covered": 0.0, "percent_statements_covered_display": "0"}, "missing_lines": [6, 7, 8, 9, 10, 11, 13, 14, 16, 17, 18, 19, 20, 21, 22, 23, 25, 27, 30, 78, 115, 116], "excluded_lines": [], "start_line": 1}}, "classes": {"": {"executed_lines": [], "summary": {"covered_lines": 0, "num_statements": 112, "percent_covered": 0.0, "percent_covered_display": "0", "missing_lines": 112, "excluded_lines": 0, "percent_statements_covered": 0.0, "percent_statements_covered_display": "0"}, "missing_lines": [6, 7, 8, 9, 10, 11, 13, 14, 16, 17, 18, 19, 20, 21, 22, 23, 25, 27, 30, 35, 36, 38, 39, 40, 41, 44, 45, 47, 48, 50, 53, 54, 55, 56, 57, 59, 60, 61, 62, 63, 65, 67, 68, 69, 70, 72, 73, 74, 75, 78, 89, 91, 92, 93, 94, 95, 100, 101, 102, 103, 104, 109, 110, 111, 112, 115, 116, 188, 189, 191, 194, 195, 196, 197, 199, 200, 201, 203, 204, 206, 208, 210, 212, 213, 215, 216, 225, 226, 227, 228, 230, 231, 234, 235, 241, 242, 246, 248, 249, 250, 251, 252, 253, 256, 258, 260, 261, 262, 263, 264, 265, 266], "excluded_lines": [], "start_line": 1}}}, "src/greenkube/cli/start.py": {"executed_lines": [], "summary": {"covered_lines": 0, "num_statements": 196, "percent_covered": 0.0, "percent_covered_display": "0", "missing_lines": 196, "e
[...]
es": [57, 59, 60, 71, 77, 88, 94], "summary": {"covered_lines": 7, "num_statements": 15, "percent_covered": 46.666666666666664, "percent_covered_display": "47", "missing_lines": 8, "excluded_lines": 0, "percent_statements_covered": 46.666666666666664, "percent_statements_covered_display": "47"}, "missing_lines": [72, 73, 74, 75, 89, 90, 91, 92], "excluded_lines": [], "start_line": 55}, "SQLiteSavingsLedgerRepository.get_window_totals": {"executed_lines": [104, 105, 106, 107, 108, 109, 110, 111, 112, 113, 114, 115, 117, 118, 131, 132, 133, 134, 135, 137, 150, 151, 152, 153, 154, 156], "summary": {"covered_lines": 26, "num_statements": 26, "percent_covered": 100.0, "percent_covered_display": "100", "missing_lines": 0, "excluded_lines": 0, "percent_statements_covered": 100.0, "percent_statements_covered_display": "100"}, "missing_lines": [], "excluded_lines": [], "start_line": 96}, "SQLiteSavingsLedgerRepository.compress_to_hourly": {"executed_lines": [], "summary": {"covered_lines": 0, "num_statements": 8, "percent_covered": 0.0, "percent_covered_display": "0", "missing_lines": 8, "excluded_lines": 0, "percent_statements_covered": 0.0, "percent_statements_covered_display": "0"}, "missing_lines": [160, 162, 163, 186, 187, 191, 193, 194], "excluded_lines": [], "start_line": 158}, "SQLiteSavingsLedgerRepository.prune_raw": {"executed_lines": [], "summary": {"covered_lines": 0, "num_statements": 8, "percent_covered": 0.0, "percent_covered_display": "0", "missing_lines": 8, "excluded_lines": 0, "percent_statements_covered": 0.0, "percent_statements_covered_display": "0"}, "missing_lines": [198, 199, 200, 201, 202, 206, 207, 208], "excluded_lines": [], "start_line": 196}, "": {"executed_lines": [4, 5, 6, 8, 9, 10, 12, 15, 18, 21, 55, 96, 158, 196], "summary": {"covered_lines": 14, "num_statements": 14, "percent_covered": 100.0, "percent_covered_display": "100", "missing_lines": 0, "excluded_lines": 0, "percent_statements_covered": 100.0, "percent_statements_covered_display": "100"}, "missing_lines": [], "excluded_lines": [], "start_line": 1}}, "classes": {"SQLiteSavingsLedgerRepository": {"executed_lines": [19, 57, 59, 60, 71, 77, 88, 94, 104, 105, 106, 107, 108, 109, 110, 111, 112, 113, 114, 115, 117, 118, 131, 132, 133, 134, 135, 137, 150, 151, 152, 153, 154, 156], "summary": {"covered_lines": 34, "num_statements": 66, "percent_covered": 51.515151515151516, "percent_covered_display": "52", "missing_lines": 32, "excluded_lines": 0, "percent_statements_covered": 51.515151515151516, "percent_statements_covered_display": "52"}, "missing_lines": [23, 24, 26, 40, 41, 51, 52, 53, 72, 73, 74, 75, 89, 90, 91, 92, 160, 162, 163, 186, 187, 191, 193, 194, 198, 199, 200, 201, 202, 206, 207, 208], "excluded_lines": [], "start_line": 15}, "": {"executed_lines": [4, 5, 6, 8, 9, 10, 12, 15, 18, 21, 55, 96, 158, 196], "summary": {"covered_lines": 14, "num_statements": 14, "percent_covered": 100.0, "percent_covered_display": "100", "missing_lines": 0, "excluded_lines": 0, "percent_statements_covered": 100.0, "percent_statements_covered_display": "100"}, "missing_lines": [], "excluded_lines": [], "start_line": 1}}}, "src/greenkube/storage/sqlite/summary_repository.py": {"executed_lines": [4, 5, 6, 7, 9, 11, 13, 14, 16, 19, 22, 23, 25, 27, 28, 29, 30, 31, 35, 57, 86, 91, 97, 98, 99, 100, 101, 106, 108, 113, 115, 116, 117], "summary": {"covered_lines": 33, "num_statements": 39, "percent_covered": 84.61538461538461, "percent_covered_display": "85", "missing_lines": 6, "excluded_lines": 0, "percent_statements_covered": 84.61538461538461, "percent_statements_covered_display": "85"}, "missing_lines": [87, 88, 89, 132, 133, 134], "excluded_lines": [], "functions": {"SQLiteSummaryRepository.__init__": {"executed_lines": [23], "summary": {"covered_lines": 1, "num_statements": 1, "percent_covered": 100.0, "percent_covered_display": "100", "missing_lines": 0, "excluded_lines": 0, "percent_statements_covered": 100.0, "percent_statements_covered_display": "100"}, "missing_lines": [], "excluded_lines": [], "start_line": 22}, "SQLiteSummaryRepository.upsert_row": {"executed_lines": [27, 28, 29, 30, 31, 35, 57, 86], "summary": {"covered_lines": 8, "num_statements": 11, "percent_covered": 72.72727272727273, "percent_covered_display": "73", "missing_lines": 3, "excluded_lines": 0, "percent_statements_covered": 72.72727272727273, "percent_statements_covered_display": "73"}, "missing_lines": [87, 88, 89], "excluded_lines": [], "start_line": 25}, "SQLiteSummaryRepository.get_rows": {"executed_lines": [97, 98, 99, 100, 101, 106, 108, 113, 115, 116, 117], "summary": {"covered_lines": 11, "num_statements": 14, "percent_covered": 78.57142857142857, "percent_covered_display": "79", "missing_lines": 3, "excluded_lines": 0, "percent_statements_covered": 78.57142857142857, "percent_statements_covered_display": "79"}, "missing_lines": [132, 133, 134], "excluded_lines": [], "start_line": 91}, "": {"executed_lines": [4, 5, 6, 7, 9, 11, 13, 14, 16, 19, 22, 25, 91], "summary": {"covered_lines": 13, "num_statements": 13, "percent_covered": 100.0, "percent_covered_display": "100", "missing_lines": 0, "excluded_lines": 0, "percent_statements_covered": 100.0, "percent_statements_covered_display": "100"}, "missing_lines": [], "excluded_lines": [], "start_line": 1}}, "classes": {"SQLiteSummaryRepository": {"executed_lines": [23, 27, 28, 29, 30, 31, 35, 57, 86, 97, 98, 99, 100, 101, 106, 108, 113, 115, 116, 117], "summary": {"covered_lines": 20, "num_statements": 26, "percent_covered": 76.92307692307692, "percent_covered_display": "77", "missing_lines": 6, "excluded_lines": 0, "percent_statements_covered": 76.92307692307692, "percent_statements_covered_display": "77"}, "missing_lines": [87, 88, 89, 132, 133, 134], "excluded_lines": [], "start_line": 19}, "": {"executed_lines": [4, 5, 6, 7, 9, 11, 13, 14, 16, 19, 22, 25, 91], "summary": {"covered_lines": 13, "num_statements": 13, "percent_covered": 100.0, "percent_covered_display": "100", "missing_lines": 0, "excluded_lines": 0, "percent_statements_covered": 100.0, "percent_statements_covered_display": "100"}, "missing_lines": [], "excluded_lines": [], "start_line": 1}}}, "src/greenkube/storage/sqlite/timeseries_cache_repository.py": {"executed_lines": [4, 5, 6, 8, 10, 12, 13, 15, 18, 21, 22, 24, 30, 31, 33, 34, 36, 37, 39, 40, 45, 51, 76, 81, 87, 88, 89, 90, 91, 98, 100, 107, 109, 110, 111], "summary": {"covered_lines": 35, "num_statements": 41, "percent_covered": 85.36585365853658, "percent_covered_display": "85", "missing_lines": 6, "excluded_lines": 0, "percent_statements_covered": 85.36585365853658, "percent_statements_covered_display": "85"}, "missing_lines": [77, 78, 79, 123, 124, 125], "excluded_lines": [], "functions": {"SQLiteTimeseriesCacheRepository.__init__": {"executed_lines": [22], "summary": {"covered_lines": 1, "num_statements": 1, "percent_covered": 100.0, "percent_covered_display": "100", "missing_lines": 0, "excluded_lines": 0, "percent_statements_covered": 100.0, "percent_statements_covered_display": "100"}, "missing_lines": [], "excluded_lines": [], "start_line": 21}, "SQLiteTimeseriesCacheRepository.upsert_points": {"executed_lines": [30, 31, 33, 34, 36, 37, 39, 40, 45, 51, 76], "summary": {"covered_lines": 11, "num_statements": 14, "percent_covered": 78.57142857142857, "percent_covered_display": "79", "missing_lines": 3, "excluded_lines": 0, "percent_statements_covered": 78.57142857142857, "percent_statements_covered_display": "79"}, "missing_lines": [77, 78, 79], "excluded_lines": [], "start_line": 24}, "SQLiteTimeseriesCacheRepository.get_points": {"executed_lines": [87, 88, 89, 90, 91, 98, 100, 107, 109, 110, 111], "summary": {"covered_lines": 11, "num_statements": 14, "percent_covered": 78.57142857142857, "percent_covered_display": "79", "missing_lines": 3, "excluded_lines": 0, "percent_statements_covered": 78.57142857142857, "percent_statements_covered_display": "79"}, "missing_lines": [123, 124, 125], "excluded_lines": [], "start_line": 81}, "": {"executed_lines": [4, 5, 6, 8, 10, 12, 13, 15, 18, 21, 24, 81], "summary": {"covered_lines": 12, "num_statements": 12, "percent_covered": 100.0, "percent_covered_display": "100", "missing_lines": 0, "excluded_lines": 0, "percent_statements_covered": 100.0, "percent_statements_covered_display": "100"}, "missing_lines": [], "excluded_lines": [], "start_line": 1}}, "classes": {"SQLiteTimeseriesCacheRepository": {"executed_lines": [22, 30, 31, 33, 34, 36, 37, 39, 40, 45, 51, 76, 87, 88, 89, 90, 91, 98, 100, 107, 109, 110, 111], "summary": {"covered_lines": 23, "num_statements": 29, "percent_covered": 79.3103448275862, "percent_covered_display": "79", "missing_lines": 6, "excluded_lines": 0, "percent_statements_covered": 79.3103448275862, "percent_statements_covered_display": "79"}, "missing_lines": [77, 78, 79, 123, 124, 125], "excluded_lines": [], "start_line": 18}, "": {"executed_lines": [4, 5, 6, 8, 10, 12, 13, 15, 18, 21, 24, 81], "summary": {"covered_lines": 12, "num_statements": 12, "percent_covered": 100.0, "percent_covered_display": "100", "missing_lines": 0, "excluded_lines": 0, "percent_statements_covered": 100.0, "percent_statements_covered_display": "100"}, "missing_lines": [], "excluded_lines": [], "start_line": 1}}}, "src/greenkube/utils/date_utils.py": {"executed_lines": [1, 2, 5, 17, 20, 22, 23, 25, 26, 27, 30, 36, 37, 38, 39, 40, 42, 45, 47, 50, 54, 57, 72, 74, 75, 76, 80, 81, 89, 92, 114, 115, 116, 118, 119, 120, 122], "summary": {"covered_lines": 37, "num_statements": 39, "percent_covered": 94.87179487179488, "percent_covered_display": "95", "missing_lines": 2, "excluded_lines": 0, "percent_statements_covered": 94.87179487179488, "percent_statements_covered_display": "95"}, "missing_lines": [18, 43], "excluded_lines": [], "functions": {"parse_iso_date": {"executed_lines": [17, 20, 22, 23, 25, 26, 27], "summary": {"covered_lines": 7, "num_statements": 8, "percent_covered": 87.5, "percent_covered_display": "88", "missing_lines": 1, "excluded_lines": 0, "percent_statements_covered": 87.5, "percent_statements_covered_display": "88"}, "missing_lines": [18], "excluded_lines": [], "start_line": 5}, "ensure_utc": {"executed_lines": [36, 37, 38, 39, 40, 42, 45, 47], "summary": {"covered_lines": 8, "num_statements": 9, "percent_covered": 88.88888888888889, "percent_covered_display": "89", "missing_lines": 1, "excluded_lines": 0, "percent_statements_covered": 88.88888888888889, "percent_statements_covered_display": "89"}, "missing_lines": [43], "excluded_lines": [], "start_line": 30}, "to_iso_z": {"executed_lines": [54], "summary": {"covered_lines": 1, "num_statements": 1, "percent_covered": 100.0, "percent_covered_display": "100", "missing_lines": 0, "excluded_lines": 0, "percent_statements_covered": 100.0, "percent_statements_covered_display": "100"}, "missing_lines": [], "excluded_lines": [], "start_line": 50}, "parse_duration": {"executed_lines": [72, 74, 75, 76, 80, 81, 89], "summary": {"covered_lines": 7, "num_statements": 7, "percent_covered": 100.0, "percent_covered_display": "100", "missing_lines": 0, "excluded_lines": 0, "percent_statements_covered": 100.0, "percent_statements_covered_display": "100"}, "missing_lines": [], "excluded_lines": [], "start_line": 57}, "time_range_from_last": {"executed_lines": [114, 115, 116, 118, 119, 120, 122], "summary": {"covered_lines": 7, "num_statements": 7, "percent_covered": 100.0, "percent_covered_display": "100", "missing_lines": 0, "excluded_lines": 0, "percent_statements_covered": 100.0, "percent_statements_covered_display": "100"}, "missing_lines": [], "excluded_lines": [], "start_line": 92}, "": {"executed_lines": [1, 2, 5, 30, 50, 57, 92], "summary": {"covered_lines": 7, "num_statements": 7, "percent_covered": 100.0, "percent_covered_display": "100", "missing_lines": 0, "excluded_lines": 0, "percent_statements_covered": 100.0, "percent_statements_covered_display": "100"}, "missing_lines": [], "excluded_lines": [], "start_line": 1}}, "classes": {"": {"executed_lines": [1, 2, 5, 17, 20, 22, 23, 25, 26, 27, 30, 36, 37, 38, 39, 40, 42, 45, 47, 50, 54, 57, 72, 74, 75, 76, 80, 81, 89, 92, 114, 115, 116, 118, 119, 120, 122], "summary": {"covered_lines": 37, "num_statements": 39, "percent_covered": 94.87179487179488, "percent_covered_display": "95", "missing_lines": 2, "excluded_lines": 0, "percent_statements_covered": 94.87179487179488, "percent_statements_covered_display": "95"}, "missing_lines": [18, 43], "excluded_lines": [], "start_line": 1}}}, "src/greenkube/utils/http_client.py": {"executed_lines": [1, 3, 5, 7, 10], "summary": {"covered_lines": 5, "num_statements": 11, "percent_covered": 45.45454545454545, "percent_covered_display": "45", "missing_lines": 6, "excluded_lines": 0, "percent_statements_covered": 45.45454545454545, "percent_statements_covered_display": "45"}, "missing_lines": [20, 22, 23, 25, 27, 32], "excluded_lines": [], "functions": {"get_async_http_client": {"executed_lines": [], "summary": {"covered_lines": 0, "num_statements": 6, "percent_covered": 0.0, "percent_covered_display": "0", "missing_lines": 6, "excluded_lines": 0, "percent_statements_covered": 0.0, "percent_statements_covered_display": "0"}, "missing_lines": [20, 22, 23, 25, 27, 32], "excluded_lines": [], "start_line": 10}, "": {"executed_lines": [1, 3, 5, 7, 10], "summary": {"covered_lines": 5, "num_statements": 5, "percent_covered": 100.0, "percent_covered_display": "100", "missing_lines": 0, "excluded_lines": 0, "percent_statements_covered": 100.0, "percent_statements_covered_display": "100"}, "missing_lines": [], "excluded_lines": [], "start_line": 1}}, "classes": {"": {"executed_lines": [1, 3, 5, 7, 10], "summary": {"covered_lines": 5, "num_statements": 11, "percent_covered": 45.45454545454545, "percent_covered_display": "45", "missing_lines": 6, "excluded_lines": 0, "percent_statements_covered": 45.45454545454545, "percent_statements_covered_display": "45"}, "missing_lines": [20, 22, 23, 25, 27, 32], "excluded_lines": [], "start_line": 1}}}, "src/greenkube/utils/k8s_utils.py": {"executed_lines": [1, 2, 5, 106, 119, 130], "summary": {"covered_lines": 6, "num_statements": 115, "percent_covered": 5.217391304347826, "percent_covered_display": "5", "missing_lines": 109, "excluded_lines": 0, "percent_statements_covered": 5.217391304347826, "percent_statements_covered_display": "5"}, "missing_lines": [10, 11, 12, 13, 15, 16, 17, 20, 21, 22, 23, 24, 25, 26, 27, 28, 29, 30, 31, 32, 33, 34, 35, 36, 37, 39, 40, 41, 42, 43, 44, 45, 46, 47, 48, 49, 50, 51, 52, 53, 54, 55, 56, 57, 58, 59, 60, 61, 62, 63, 64, 65, 67, 68, 69, 70, 72, 73, 74, 75, 76, 77, 78, 79, 80, 81, 82, 83, 84, 85, 86, 87, 88, 89, 90, 91, 92, 93, 94, 95, 96, 97, 98, 99, 100, 101, 103, 108, 109, 110, 111, 113, 114, 115, 116, 121, 122, 123, 124, 125, 126, 127, 132, 133, 134, 135, 136, 137, 138], "excluded_lines": [], "functions": {"parse_quantity": {"executed_lines": [], "summary": {"covered_lines": 0, "num_statements": 87, "percent_covered": 0.0, "percent_covered_display": "0", "missing_lines": 87, "excluded_lines": 0, "percent_statements_covered": 0.0, "percent_statements_covered_display": "0"}, "missing_lines": [10, 11, 12, 13, 15, 16, 17, 20, 21, 22, 23, 24, 25, 26, 27, 28, 29, 30, 31, 32, 33, 34, 35, 36, 37, 39, 40, 41, 42, 43, 44, 45, 46, 47, 48, 49, 50, 51, 52, 53, 54, 55, 56, 57, 58, 59, 60, 61, 62, 63, 64, 65, 67, 68, 69, 70, 72, 73, 74, 75, 76, 77, 78, 79, 80, 81, 82, 83, 84, 85, 86, 87, 88, 89, 90, 91, 92, 93, 94, 95, 96, 97, 98, 99, 100, 101, 103], "excluded_lines": [], "start_line": 5}, "parse_cpu_request": {"executed_lines": [], "summary": {"covered_lines": 0, "num_statements": 8, "percent_covered": 0.0, "percent_covered_display": "0", "missing_lines": 8, "excluded_lines": 0, "percent_statements_covered": 0.0, "percent_statements_covered_display": "0"}, "missing_lines": [108, 109, 110, 111, 113, 114, 115, 116], "excluded_lines": [], "start_line": 106}, "parse_memory_request": {"executed_lines": [], "summary": {"covered_lines": 0, "num_statements": 7, "percent_covered": 0.0, "percent_covered_display": "0", "missing_lines": 7, "excluded_lines": 0, "percent_statements_covered": 0.0, "percent_statements_covered_display": "0"}, "missing_lines": [121, 122, 123, 124, 125, 126, 127], "excluded_lines": [], "start_line": 119}, "parse_storage_request": {"executed_lines": [], "summary": {"covered_lines": 0, "num_statements": 7, "percent_covered": 0.0, "percent_covered_display": "0", "missing_lines": 7, "excluded_lines": 0, "percent_statements_covered": 0.0, "percent_statements_covered_display": "0"}, "missing_lines": [132, 133, 134, 135, 136, 137, 138], "excluded_lines": [], "start_line": 130}, "": {"executed_lines": [1, 2, 5, 106, 119, 130], "summary": {"covered_lines": 6, "num_statements": 6, "percent_covered": 100.0, "percent_covered_display": "100", "missing_lines": 0, "excluded_lines": 0, "percent_statements_covered": 100.0, "percent_statements_covered_display": "100"}, "missing_lines": [], "excluded_lines": [], "start_line": 1}}, "classes": {"": {"executed_lines": [1, 2, 5, 106, 119, 130], "summary": {"covered_lines": 6, "num_statements": 115, "percent_covered": 5.217391304347826, "percent_covered_display": "5", "missing_lines": 109, "excluded_lines": 0, "percent_statements_covered": 5.217391304347826, "percent_statements_covered_display": "5"}, "missing_lines": [10, 11, 12, 13, 15, 16, 17, 20, 21, 22, 23, 24, 25, 26, 27, 28, 29, 30, 31, 32, 33, 34, 35, 36, 37, 39, 40, 41, 42, 43, 44, 45, 46, 47, 48, 49, 50, 51, 52, 53, 54, 55, 56, 57, 58, 59, 60, 61, 62, 63, 64, 65, 67, 68, 69, 70, 72, 73, 74, 75, 76, 77, 78, 79, 80, 81, 82, 83, 84, 85, 86, 87, 88, 89, 90, 91, 92, 93, 94, 95, 96, 97, 98, 99, 100, 101, 103, 108, 109, 110, 111, 113, 114, 115, 116, 121, 122, 123, 124, 125, 126, 127, 132, 133, 134, 135, 136, 137, 138], "excluded_lines": [], "start_line": 1}}}, "src/greenkube/utils/mapping_translator.py": {"executed_lines": [3, 4, 6, 8, 14, 19, 39, 40, 45, 53, 54, 55, 59, 62, 63, 64, 68, 69, 72, 77, 78, 81, 84, 85, 86, 87, 88, 95, 98, 99, 100, 109, 110], "summary": {"covered_lines": 33, "num_statements": 40, "percent_covered": 82.5, "percent_covered_display": "82", "missing_lines": 7, "excluded_lines": 0, "percent_statements_covered": 82.5, "percent_statements_covered_display": "82"}, "missing_lines": [46, 50, 56, 73, 79, 101, 107], "excluded_lines": [], "functions": {"get_emaps_zone_from_cloud_zone": {"executed_lines": [39, 40, 45, 53, 54, 55, 59, 62, 63, 64, 68, 69, 72, 77, 78, 81, 84, 85, 86, 87, 88, 95, 98, 99, 100, 109, 110], "summary": {"covered_lines": 27, "num_statements": 34, "percent_covered": 79.41176470588235, "percent_covered_display": "79", "missing_lines": 7, "excluded_lines": 0, "percent_statements_covered": 79.41176470588235, "percent_statements_covered_display": "79"}, "missing_lines": [46, 50, 56, 73, 79, 101, 107], "excluded_lines": [], "start_line": 19}, "": {"executed_lines": [3, 4, 6, 8, 14, 19], "summary": {"covered_lines": 6, "num_statements": 6, "percent_covered": 100.0, "percent_covered_display": "100", "missing_lines": 0, "excluded_lines": 0, "percent_statements_covered": 100.0, "percent_statements_covered_display": "100"}, "missing_lines": [], "excluded_lines": [], "start_line": 1}}, "classes": {"": {"executed_lines": [3, 4, 6, 8, 14, 19, 39, 40, 45, 53, 54, 55, 59, 62, 63, 64, 68, 69, 72, 77, 78, 81, 84, 85, 86, 87, 88, 95, 98, 99, 100, 109, 110], "summary": {"covered_lines": 33, "num_statements": 40, "percent_covered": 82.5, "percent_covered_display": "82", "missing_lines": 7, "excluded_lines": 0, "percent_statements_covered": 82.5, "percent_statements_covered_display": "82"}, "missing_lines": [46, 50, 56, 73, 79, 101, 107], "excluded_lines": [], "start_line": 1}}}}, "totals": {"covered_lines": 5377, "num_statements": 9090, "percent_covered": 59.152915291529155, "percent_covered_display": "59", "missing_lines": 3713, "excluded_lines": 4, "percent_statements_covered": 59.152915291529155, "percent_statements_covered_display": "59"}}